find_executable: checking for pg_config... -------------------- yes

--------------------

"gcc-4.2 -o conftest -I/Users/toppy/.rvm/rubies/ruby-2.0.0-p247/include/ruby-2.0.0/x86_64-darwin10.8.0 -I/Users/toppy/.rvm/rubies/ruby-2.0.0-p247/include/ruby-2.0.0/ruby/backward -I/Users/toppy/.rvm/rubies/ruby-2.0.0-p247/include/ruby-2.0.0 -I. -I/opt/local/include/postgresql83 -D_XOPEN_SOURCE -D_DARWIN_C_SOURCE -D_DARWIN_UNLIMITED_SELECT -D_REENTRANT -I/opt/local/include    -O3 -fno-fast-math -ggdb3 -Wall -Wextra -Wno-unused-parameter -Wno-parentheses -Wno-long-long -Wno-missing-field-initializers -Wunused-variable -Wpointer-arith -Wwrite-strings -Wdeclaration-after-statement -Wshorten-64-to-32 -Wimplicit-function-declaration  -fno-common -pipe conftest.c  -L. -L/Users/toppy/.rvm/rubies/ruby-2.0.0-p247/lib -L/opt/local/lib/postgresql83 -L/opt/local/lib -L. -fstack-protector -L/usr/local/lib -L/opt/local/lib      -lruby.2.0.0  -lpthread -ldl -lobjc "
checked program was:
/* begin */
1: #include "ruby.h"
2: 
3: int main(int argc, char **argv)
4: {
5:   return 0;
6: }
/* end */

"gcc-4.2 -o conftest -I/Users/toppy/.rvm/rubies/ruby-2.0.0-p247/include/ruby-2.0.0/x86_64-darwin10.8.0 -I/Users/toppy/.rvm/rubies/ruby-2.0.0-p247/include/ruby-2.0.0/ruby/backward -I/Users/toppy/.rvm/rubies/ruby-2.0.0-p247/include/ruby-2.0.0 -I. -I/opt/local/include/postgresql83 -D_XOPEN_SOURCE -D_DARWIN_C_SOURCE -D_DARWIN_UNLIMITED_SELECT -D_REENTRANT -I/opt/local/include    -O3 -fno-fast-math -ggdb3 -Wall -Wextra -Wno-unused-parameter -Wno-parentheses -Wno-long-long -Wno-missing-field-initializers -Wunused-variable -Wpointer-arith -Wwrite-strings -Wdeclaration-after-statement -Wshorten-64-to-32 -Wimplicit-function-declaration  -fno-common -pipe conftest.c  -L. -L/Users/toppy/.rvm/rubies/ruby-2.0.0-p247/lib -L/opt/local/lib/postgresql83 -L/opt/local/lib -L. -fstack-protector -L/usr/local/lib -L/opt/local/lib      -lruby.2.0.0  -Wl,-rpath,/opt/local/lib/postgresql83 -lpthread -ldl -lobjc "
checked program was:
/* begin */
1: #include "ruby.h"
2: 
3: int main() {return 0;}
/* end */

find_header: checking for libpq-fe.h... -------------------- yes

"gcc-4.2 -E -I/Users/toppy/.rvm/rubies/ruby-2.0.0-p247/include/ruby-2.0.0/x86_64-darwin10.8.0 -I/Users/toppy/.rvm/rubies/ruby-2.0.0-p247/include/ruby-2.0.0/ruby/backward -I/Users/toppy/.rvm/rubies/ruby-2.0.0-p247/include/ruby-2.0.0 -I. -I/opt/local/include/postgresql83 -D_XOPEN_SOURCE -D_DARWIN_C_SOURCE -D_DARWIN_UNLIMITED_SELECT -D_REENTRANT -I/opt/local/include    -O3 -fno-fast-math -ggdb3 -Wall -Wextra -Wno-unused-parameter -Wno-parentheses -Wno-long-long -Wno-missing-field-initializers -Wunused-variable -Wpointer-arith -Wwrite-strings -Wdeclaration-after-statement -Wshorten-64-to-32 -Wimplicit-function-declaration  -fno-common -pipe  conftest.c -o conftest.i"
checked program was:
/* begin */
1: #include "ruby.h"
2: 
3: #include <libpq-fe.h>
/* end */

--------------------

find_header: checking for libpq/libpq-fs.h... -------------------- yes

"gcc-4.2 -E -I/Users/toppy/.rvm/rubies/ruby-2.0.0-p247/include/ruby-2.0.0/x86_64-darwin10.8.0 -I/Users/toppy/.rvm/rubies/ruby-2.0.0-p247/include/ruby-2.0.0/ruby/backward -I/Users/toppy/.rvm/rubies/ruby-2.0.0-p247/include/ruby-2.0.0 -I. -I/opt/local/include/postgresql83 -D_XOPEN_SOURCE -D_DARWIN_C_SOURCE -D_DARWIN_UNLIMITED_SELECT -D_REENTRANT -I/opt/local/include    -O3 -fno-fast-math -ggdb3 -Wall -Wextra -Wno-unused-parameter -Wno-parentheses -Wno-long-long -Wno-missing-field-initializers -Wunused-variable -Wpointer-arith -Wwrite-strings -Wdeclaration-after-statement -Wshorten-64-to-32 -Wimplicit-function-declaration  -fno-common -pipe  conftest.c -o conftest.i"
checked program was:
/* begin */
1: #include "ruby.h"
2: 
3: #include <libpq/libpq-fs.h>
/* end */

--------------------

find_header: checking for pg_config_manual.h... -------------------- yes

"gcc-4.2 -E -I/Users/toppy/.rvm/rubies/ruby-2.0.0-p247/include/ruby-2.0.0/x86_64-darwin10.8.0 -I/Users/toppy/.rvm/rubies/ruby-2.0.0-p247/include/ruby-2.0.0/ruby/backward -I/Users/toppy/.rvm/rubies/ruby-2.0.0-p247/include/ruby-2.0.0 -I. -I/opt/local/include/postgresql83 -D_XOPEN_SOURCE -D_DARWIN_C_SOURCE -D_DARWIN_UNLIMITED_SELECT -D_REENTRANT -I/opt/local/include    -O3 -fno-fast-math -ggdb3 -Wall -Wextra -Wno-unused-parameter -Wno-parentheses -Wno-long-long -Wno-missing-field-initializers -Wunused-variable -Wpointer-arith -Wwrite-strings -Wdeclaration-after-statement -Wshorten-64-to-32 -Wimplicit-function-declaration  -fno-common -pipe  conftest.c -o conftest.i"
checked program was:
/* begin */
1: #include "ruby.h"
2: 
3: #include <pg_config_manual.h>
/* end */

--------------------

have_library: checking for PQconnectdb() in -lpq... -------------------- yes

"gcc-4.2 -o conftest -I/Users/toppy/.rvm/rubies/ruby-2.0.0-p247/include/ruby-2.0.0/x86_64-darwin10.8.0 -I/Users/toppy/.rvm/rubies/ruby-2.0.0-p247/include/ruby-2.0.0/ruby/backward -I/Users/toppy/.rvm/rubies/ruby-2.0.0-p247/include/ruby-2.0.0 -I. -I/opt/local/include/postgresql83 -D_XOPEN_SOURCE -D_DARWIN_C_SOURCE -D_DARWIN_UNLIMITED_SELECT -D_REENTRANT -I/opt/local/include    -O3 -fno-fast-math -ggdb3 -Wall -Wextra -Wno-unused-parameter -Wno-parentheses -Wno-long-long -Wno-missing-field-initializers -Wunused-variable -Wpointer-arith -Wwrite-strings -Wdeclaration-after-statement -Wshorten-64-to-32 -Wimplicit-function-declaration  -fno-common -pipe conftest.c  -L. -L/Users/toppy/.rvm/rubies/ruby-2.0.0-p247/lib -L/opt/local/lib/postgresql83 -L/opt/local/lib -L. -fstack-protector -L/usr/local/lib -L/opt/local/lib  -Wl,-rpath,/opt/local/lib/postgresql83     -lruby.2.0.0 -lpq  -lpthread -ldl -lobjc "
checked program was:
/* begin */
 1: #include "ruby.h"
 2: 
 3: #include <libpq-fe.h>
 4: 
 5: /*top*/
 6: extern int t(void);
 7: int t(void) { void ((*volatile p)()); p = (void ((*)()))PQconnectdb; return 0; }
 8: int main(int argc, char **argv)
 9: {
10:   if (argc > 1000000) {
11:     printf("%p", &t);
12:   }
13: 
14:   return 0;
15: }
/* end */

--------------------

have_func: checking for PQconnectionUsedPassword()... -------------------- yes

"gcc-4.2 -o conftest -I/Users/toppy/.rvm/rubies/ruby-2.0.0-p247/include/ruby-2.0.0/x86_64-darwin10.8.0 -I/Users/toppy/.rvm/rubies/ruby-2.0.0-p247/include/ruby-2.0.0/ruby/backward -I/Users/toppy/.rvm/rubies/ruby-2.0.0-p247/include/ruby-2.0.0 -I. -I/opt/local/include/postgresql83 -D_XOPEN_SOURCE -D_DARWIN_C_SOURCE -D_DARWIN_UNLIMITED_SELECT -D_REENTRANT -I/opt/local/include    -O3 -fno-fast-math -ggdb3 -Wall -Wextra -Wno-unused-parameter -Wno-parentheses -Wno-long-long -Wno-missing-field-initializers -Wunused-variable -Wpointer-arith -Wwrite-strings -Wdeclaration-after-statement -Wshorten-64-to-32 -Wimplicit-function-declaration  -fno-common -pipe conftest.c  -L. -L/Users/toppy/.rvm/rubies/ruby-2.0.0-p247/lib -L/opt/local/lib/postgresql83 -L/opt/local/lib -L. -fstack-protector -L/usr/local/lib -L/opt/local/lib  -Wl,-rpath,/opt/local/lib/postgresql83    -lpq  -lruby.2.0.0 -lpq  -lpthread -ldl -lobjc "
conftest.c: In function ‘t’:
conftest.c:5: error: ‘PQconnectionUsedPassword’ undeclared (first use in this function)
conftest.c:5: error: (Each undeclared identifier is reported only once
conftest.c:5: error: for each function it appears in.)
checked program was:
/* begin */
 1: #include "ruby.h"
 2: 
 3: /*top*/
 4: extern int t(void);
 5: int t(void) { void ((*volatile p)()); p = (void ((*)()))PQconnectionUsedPassword; return 0; }
 6: int main(int argc, char **argv)
 7: {
 8:   if (argc > 1000000) {
 9:     printf("%p", &t);
10:   }
11: 
12:   return 0;
13: }
/* end */

"gcc-4.2 -o conftest -I/Users/toppy/.rvm/rubies/ruby-2.0.0-p247/include/ruby-2.0.0/x86_64-darwin10.8.0 -I/Users/toppy/.rvm/rubies/ruby-2.0.0-p247/include/ruby-2.0.0/ruby/backward -I/Users/toppy/.rvm/rubies/ruby-2.0.0-p247/include/ruby-2.0.0 -I. -I/opt/local/include/postgresql83 -D_XOPEN_SOURCE -D_DARWIN_C_SOURCE -D_DARWIN_UNLIMITED_SELECT -D_REENTRANT -I/opt/local/include    -O3 -fno-fast-math -ggdb3 -Wall -Wextra -Wno-unused-parameter -Wno-parentheses -Wno-long-long -Wno-missing-field-initializers -Wunused-variable -Wpointer-arith -Wwrite-strings -Wdeclaration-after-statement -Wshorten-64-to-32 -Wimplicit-function-declaration  -fno-common -pipe conftest.c  -L. -L/Users/toppy/.rvm/rubies/ruby-2.0.0-p247/lib -L/opt/local/lib/postgresql83 -L/opt/local/lib -L. -fstack-protector -L/usr/local/lib -L/opt/local/lib  -Wl,-rpath,/opt/local/lib/postgresql83    -lpq  -lruby.2.0.0 -lpq  -lpthread -ldl -lobjc "
conftest.c: In function ‘t’:
conftest.c:5: warning: implicit declaration of function ‘PQconnectionUsedPassword’
checked program was:
/* begin */
 1: #include "ruby.h"
 2: 
 3: /*top*/
 4: extern int t(void);
 5: int t(void) { PQconnectionUsedPassword(); return 0; }
 6: int main(int argc, char **argv)
 7: {
 8:   if (argc > 1000000) {
 9:     printf("%p", &t);
10:   }
11: 
12:   return 0;
13: }
/* end */

--------------------

have_func: checking for PQisthreadsafe()... -------------------- yes

"gcc-4.2 -o conftest -I/Users/toppy/.rvm/rubies/ruby-2.0.0-p247/include/ruby-2.0.0/x86_64-darwin10.8.0 -I/Users/toppy/.rvm/rubies/ruby-2.0.0-p247/include/ruby-2.0.0/ruby/backward -I/Users/toppy/.rvm/rubies/ruby-2.0.0-p247/include/ruby-2.0.0 -I. -I/opt/local/include/postgresql83 -D_XOPEN_SOURCE -D_DARWIN_C_SOURCE -D_DARWIN_UNLIMITED_SELECT -D_REENTRANT -I/opt/local/include    -O3 -fno-fast-math -ggdb3 -Wall -Wextra -Wno-unused-parameter -Wno-parentheses -Wno-long-long -Wno-missing-field-initializers -Wunused-variable -Wpointer-arith -Wwrite-strings -Wdeclaration-after-statement -Wshorten-64-to-32 -Wimplicit-function-declaration  -fno-common -pipe conftest.c  -L. -L/Users/toppy/.rvm/rubies/ruby-2.0.0-p247/lib -L/opt/local/lib/postgresql83 -L/opt/local/lib -L. -fstack-protector -L/usr/local/lib -L/opt/local/lib  -Wl,-rpath,/opt/local/lib/postgresql83    -lpq  -lruby.2.0.0 -lpq  -lpthread -ldl -lobjc "
conftest.c: In function ‘t’:
conftest.c:5: error: ‘PQisthreadsafe’ undeclared (first use in this function)
conftest.c:5: error: (Each undeclared identifier is reported only once
conftest.c:5: error: for each function it appears in.)
checked program was:
/* begin */
 1: #include "ruby.h"
 2: 
 3: /*top*/
 4: extern int t(void);
 5: int t(void) { void ((*volatile p)()); p = (void ((*)()))PQisthreadsafe; return 0; }
 6: int main(int argc, char **argv)
 7: {
 8:   if (argc > 1000000) {
 9:     printf("%p", &t);
10:   }
11: 
12:   return 0;
13: }
/* end */

"gcc-4.2 -o conftest -I/Users/toppy/.rvm/rubies/ruby-2.0.0-p247/include/ruby-2.0.0/x86_64-darwin10.8.0 -I/Users/toppy/.rvm/rubies/ruby-2.0.0-p247/include/ruby-2.0.0/ruby/backward -I/Users/toppy/.rvm/rubies/ruby-2.0.0-p247/include/ruby-2.0.0 -I. -I/opt/local/include/postgresql83 -D_XOPEN_SOURCE -D_DARWIN_C_SOURCE -D_DARWIN_UNLIMITED_SELECT -D_REENTRANT -I/opt/local/include    -O3 -fno-fast-math -ggdb3 -Wall -Wextra -Wno-unused-parameter -Wno-parentheses -Wno-long-long -Wno-missing-field-initializers -Wunused-variable -Wpointer-arith -Wwrite-strings -Wdeclaration-after-statement -Wshorten-64-to-32 -Wimplicit-function-declaration  -fno-common -pipe conftest.c  -L. -L/Users/toppy/.rvm/rubies/ruby-2.0.0-p247/lib -L/opt/local/lib/postgresql83 -L/opt/local/lib -L. -fstack-protector -L/usr/local/lib -L/opt/local/lib  -Wl,-rpath,/opt/local/lib/postgresql83    -lpq  -lruby.2.0.0 -lpq  -lpthread -ldl -lobjc "
conftest.c: In function ‘t’:
conftest.c:5: warning: implicit declaration of function ‘PQisthreadsafe’
checked program was:
/* begin */
 1: #include "ruby.h"
 2: 
 3: /*top*/
 4: extern int t(void);
 5: int t(void) { PQisthreadsafe(); return 0; }
 6: int main(int argc, char **argv)
 7: {
 8:   if (argc > 1000000) {
 9:     printf("%p", &t);
10:   }
11: 
12:   return 0;
13: }
/* end */

--------------------

have_func: checking for PQprepare()... -------------------- yes

"gcc-4.2 -o conftest -I/Users/toppy/.rvm/rubies/ruby-2.0.0-p247/include/ruby-2.0.0/x86_64-darwin10.8.0 -I/Users/toppy/.rvm/rubies/ruby-2.0.0-p247/include/ruby-2.0.0/ruby/backward -I/Users/toppy/.rvm/rubies/ruby-2.0.0-p247/include/ruby-2.0.0 -I. -I/opt/local/include/postgresql83 -D_XOPEN_SOURCE -D_DARWIN_C_SOURCE -D_DARWIN_UNLIMITED_SELECT -D_REENTRANT -I/opt/local/include    -O3 -fno-fast-math -ggdb3 -Wall -Wextra -Wno-unused-parameter -Wno-parentheses -Wno-long-long -Wno-missing-field-initializers -Wunused-variable -Wpointer-arith -Wwrite-strings -Wdeclaration-after-statement -Wshorten-64-to-32 -Wimplicit-function-declaration  -fno-common -pipe conftest.c  -L. -L/Users/toppy/.rvm/rubies/ruby-2.0.0-p247/lib -L/opt/local/lib/postgresql83 -L/opt/local/lib -L. -fstack-protector -L/usr/local/lib -L/opt/local/lib  -Wl,-rpath,/opt/local/lib/postgresql83    -lpq  -lruby.2.0.0 -lpq  -lpthread -ldl -lobjc "
conftest.c: In function ‘t’:
conftest.c:5: error: ‘PQprepare’ undeclared (first use in this function)
conftest.c:5: error: (Each undeclared identifier is reported only once
conftest.c:5: error: for each function it appears in.)
checked program was:
/* begin */
 1: #include "ruby.h"
 2: 
 3: /*top*/
 4: extern int t(void);
 5: int t(void) { void ((*volatile p)()); p = (void ((*)()))PQprepare; return 0; }
 6: int main(int argc, char **argv)
 7: {
 8:   if (argc > 1000000) {
 9:     printf("%p", &t);
10:   }
11: 
12:   return 0;
13: }
/* end */

"gcc-4.2 -o conftest -I/Users/toppy/.rvm/rubies/ruby-2.0.0-p247/include/ruby-2.0.0/x86_64-darwin10.8.0 -I/Users/toppy/.rvm/rubies/ruby-2.0.0-p247/include/ruby-2.0.0/ruby/backward -I/Users/toppy/.rvm/rubies/ruby-2.0.0-p247/include/ruby-2.0.0 -I. -I/opt/local/include/postgresql83 -D_XOPEN_SOURCE -D_DARWIN_C_SOURCE -D_DARWIN_UNLIMITED_SELECT -D_REENTRANT -I/opt/local/include    -O3 -fno-fast-math -ggdb3 -Wall -Wextra -Wno-unused-parameter -Wno-parentheses -Wno-long-long -Wno-missing-field-initializers -Wunused-variable -Wpointer-arith -Wwrite-strings -Wdeclaration-after-statement -Wshorten-64-to-32 -Wimplicit-function-declaration  -fno-common -pipe conftest.c  -L. -L/Users/toppy/.rvm/rubies/ruby-2.0.0-p247/lib -L/opt/local/lib/postgresql83 -L/opt/local/lib -L. -fstack-protector -L/usr/local/lib -L/opt/local/lib  -Wl,-rpath,/opt/local/lib/postgresql83    -lpq  -lruby.2.0.0 -lpq  -lpthread -ldl -lobjc "
conftest.c: In function ‘t’:
conftest.c:5: warning: implicit declaration of function ‘PQprepare’
checked program was:
/* begin */
 1: #include "ruby.h"
 2: 
 3: /*top*/
 4: extern int t(void);
 5: int t(void) { PQprepare(); return 0; }
 6: int main(int argc, char **argv)
 7: {
 8:   if (argc > 1000000) {
 9:     printf("%p", &t);
10:   }
11: 
12:   return 0;
13: }
/* end */

--------------------

have_func: checking for PQexecParams()... -------------------- yes

"gcc-4.2 -o conftest -I/Users/toppy/.rvm/rubies/ruby-2.0.0-p247/include/ruby-2.0.0/x86_64-darwin10.8.0 -I/Users/toppy/.rvm/rubies/ruby-2.0.0-p247/include/ruby-2.0.0/ruby/backward -I/Users/toppy/.rvm/rubies/ruby-2.0.0-p247/include/ruby-2.0.0 -I. -I/opt/local/include/postgresql83 -D_XOPEN_SOURCE -D_DARWIN_C_SOURCE -D_DARWIN_UNLIMITED_SELECT -D_REENTRANT -I/opt/local/include    -O3 -fno-fast-math -ggdb3 -Wall -Wextra -Wno-unused-parameter -Wno-parentheses -Wno-long-long -Wno-missing-field-initializers -Wunused-variable -Wpointer-arith -Wwrite-strings -Wdeclaration-after-statement -Wshorten-64-to-32 -Wimplicit-function-declaration  -fno-common -pipe conftest.c  -L. -L/Users/toppy/.rvm/rubies/ruby-2.0.0-p247/lib -L/opt/local/lib/postgresql83 -L/opt/local/lib -L. -fstack-protector -L/usr/local/lib -L/opt/local/lib  -Wl,-rpath,/opt/local/lib/postgresql83    -lpq  -lruby.2.0.0 -lpq  -lpthread -ldl -lobjc "
conftest.c: In function ‘t’:
conftest.c:5: error: ‘PQexecParams’ undeclared (first use in this function)
conftest.c:5: error: (Each undeclared identifier is reported only once
conftest.c:5: error: for each function it appears in.)
checked program was:
/* begin */
 1: #include "ruby.h"
 2: 
 3: /*top*/
 4: extern int t(void);
 5: int t(void) { void ((*volatile p)()); p = (void ((*)()))PQexecParams; return 0; }
 6: int main(int argc, char **argv)
 7: {
 8:   if (argc > 1000000) {
 9:     printf("%p", &t);
10:   }
11: 
12:   return 0;
13: }
/* end */

"gcc-4.2 -o conftest -I/Users/toppy/.rvm/rubies/ruby-2.0.0-p247/include/ruby-2.0.0/x86_64-darwin10.8.0 -I/Users/toppy/.rvm/rubies/ruby-2.0.0-p247/include/ruby-2.0.0/ruby/backward -I/Users/toppy/.rvm/rubies/ruby-2.0.0-p247/include/ruby-2.0.0 -I. -I/opt/local/include/postgresql83 -D_XOPEN_SOURCE -D_DARWIN_C_SOURCE -D_DARWIN_UNLIMITED_SELECT -D_REENTRANT -I/opt/local/include    -O3 -fno-fast-math -ggdb3 -Wall -Wextra -Wno-unused-parameter -Wno-parentheses -Wno-long-long -Wno-missing-field-initializers -Wunused-variable -Wpointer-arith -Wwrite-strings -Wdeclaration-after-statement -Wshorten-64-to-32 -Wimplicit-function-declaration  -fno-common -pipe conftest.c  -L. -L/Users/toppy/.rvm/rubies/ruby-2.0.0-p247/lib -L/opt/local/lib/postgresql83 -L/opt/local/lib -L. -fstack-protector -L/usr/local/lib -L/opt/local/lib  -Wl,-rpath,/opt/local/lib/postgresql83    -lpq  -lruby.2.0.0 -lpq  -lpthread -ldl -lobjc "
conftest.c: In function ‘t’:
conftest.c:5: warning: implicit declaration of function ‘PQexecParams’
checked program was:
/* begin */
 1: #include "ruby.h"
 2: 
 3: /*top*/
 4: extern int t(void);
 5: int t(void) { PQexecParams(); return 0; }
 6: int main(int argc, char **argv)
 7: {
 8:   if (argc > 1000000) {
 9:     printf("%p", &t);
10:   }
11: 
12:   return 0;
13: }
/* end */

--------------------

have_func: checking for PQescapeString()... -------------------- yes

"gcc-4.2 -o conftest -I/Users/toppy/.rvm/rubies/ruby-2.0.0-p247/include/ruby-2.0.0/x86_64-darwin10.8.0 -I/Users/toppy/.rvm/rubies/ruby-2.0.0-p247/include/ruby-2.0.0/ruby/backward -I/Users/toppy/.rvm/rubies/ruby-2.0.0-p247/include/ruby-2.0.0 -I. -I/opt/local/include/postgresql83 -D_XOPEN_SOURCE -D_DARWIN_C_SOURCE -D_DARWIN_UNLIMITED_SELECT -D_REENTRANT -I/opt/local/include    -O3 -fno-fast-math -ggdb3 -Wall -Wextra -Wno-unused-parameter -Wno-parentheses -Wno-long-long -Wno-missing-field-initializers -Wunused-variable -Wpointer-arith -Wwrite-strings -Wdeclaration-after-statement -Wshorten-64-to-32 -Wimplicit-function-declaration  -fno-common -pipe conftest.c  -L. -L/Users/toppy/.rvm/rubies/ruby-2.0.0-p247/lib -L/opt/local/lib/postgresql83 -L/opt/local/lib -L. -fstack-protector -L/usr/local/lib -L/opt/local/lib  -Wl,-rpath,/opt/local/lib/postgresql83    -lpq  -lruby.2.0.0 -lpq  -lpthread -ldl -lobjc "
conftest.c: In function ‘t’:
conftest.c:5: error: ‘PQescapeString’ undeclared (first use in this function)
conftest.c:5: error: (Each undeclared identifier is reported only once
conftest.c:5: error: for each function it appears in.)
checked program was:
/* begin */
 1: #include "ruby.h"
 2: 
 3: /*top*/
 4: extern int t(void);
 5: int t(void) { void ((*volatile p)()); p = (void ((*)()))PQescapeString; return 0; }
 6: int main(int argc, char **argv)
 7: {
 8:   if (argc > 1000000) {
 9:     printf("%p", &t);
10:   }
11: 
12:   return 0;
13: }
/* end */

"gcc-4.2 -o conftest -I/Users/toppy/.rvm/rubies/ruby-2.0.0-p247/include/ruby-2.0.0/x86_64-darwin10.8.0 -I/Users/toppy/.rvm/rubies/ruby-2.0.0-p247/include/ruby-2.0.0/ruby/backward -I/Users/toppy/.rvm/rubies/ruby-2.0.0-p247/include/ruby-2.0.0 -I. -I/opt/local/include/postgresql83 -D_XOPEN_SOURCE -D_DARWIN_C_SOURCE -D_DARWIN_UNLIMITED_SELECT -D_REENTRANT -I/opt/local/include    -O3 -fno-fast-math -ggdb3 -Wall -Wextra -Wno-unused-parameter -Wno-parentheses -Wno-long-long -Wno-missing-field-initializers -Wunused-variable -Wpointer-arith -Wwrite-strings -Wdeclaration-after-statement -Wshorten-64-to-32 -Wimplicit-function-declaration  -fno-common -pipe conftest.c  -L. -L/Users/toppy/.rvm/rubies/ruby-2.0.0-p247/lib -L/opt/local/lib/postgresql83 -L/opt/local/lib -L. -fstack-protector -L/usr/local/lib -L/opt/local/lib  -Wl,-rpath,/opt/local/lib/postgresql83    -lpq  -lruby.2.0.0 -lpq  -lpthread -ldl -lobjc "
conftest.c: In function ‘t’:
conftest.c:5: warning: implicit declaration of function ‘PQescapeString’
checked program was:
/* begin */
 1: #include "ruby.h"
 2: 
 3: /*top*/
 4: extern int t(void);
 5: int t(void) { PQescapeString(); return 0; }
 6: int main(int argc, char **argv)
 7: {
 8:   if (argc > 1000000) {
 9:     printf("%p", &t);
10:   }
11: 
12:   return 0;
13: }
/* end */

--------------------

have_func: checking for PQescapeStringConn()... -------------------- yes

"gcc-4.2 -o conftest -I/Users/toppy/.rvm/rubies/ruby-2.0.0-p247/include/ruby-2.0.0/x86_64-darwin10.8.0 -I/Users/toppy/.rvm/rubies/ruby-2.0.0-p247/include/ruby-2.0.0/ruby/backward -I/Users/toppy/.rvm/rubies/ruby-2.0.0-p247/include/ruby-2.0.0 -I. -I/opt/local/include/postgresql83 -D_XOPEN_SOURCE -D_DARWIN_C_SOURCE -D_DARWIN_UNLIMITED_SELECT -D_REENTRANT -I/opt/local/include    -O3 -fno-fast-math -ggdb3 -Wall -Wextra -Wno-unused-parameter -Wno-parentheses -Wno-long-long -Wno-missing-field-initializers -Wunused-variable -Wpointer-arith -Wwrite-strings -Wdeclaration-after-statement -Wshorten-64-to-32 -Wimplicit-function-declaration  -fno-common -pipe conftest.c  -L. -L/Users/toppy/.rvm/rubies/ruby-2.0.0-p247/lib -L/opt/local/lib/postgresql83 -L/opt/local/lib -L. -fstack-protector -L/usr/local/lib -L/opt/local/lib  -Wl,-rpath,/opt/local/lib/postgresql83    -lpq  -lruby.2.0.0 -lpq  -lpthread -ldl -lobjc "
conftest.c: In function ‘t’:
conftest.c:5: error: ‘PQescapeStringConn’ undeclared (first use in this function)
conftest.c:5: error: (Each undeclared identifier is reported only once
conftest.c:5: error: for each function it appears in.)
checked program was:
/* begin */
 1: #include "ruby.h"
 2: 
 3: /*top*/
 4: extern int t(void);
 5: int t(void) { void ((*volatile p)()); p = (void ((*)()))PQescapeStringConn; return 0; }
 6: int main(int argc, char **argv)
 7: {
 8:   if (argc > 1000000) {
 9:     printf("%p", &t);
10:   }
11: 
12:   return 0;
13: }
/* end */

"gcc-4.2 -o conftest -I/Users/toppy/.rvm/rubies/ruby-2.0.0-p247/include/ruby-2.0.0/x86_64-darwin10.8.0 -I/Users/toppy/.rvm/rubies/ruby-2.0.0-p247/include/ruby-2.0.0/ruby/backward -I/Users/toppy/.rvm/rubies/ruby-2.0.0-p247/include/ruby-2.0.0 -I. -I/opt/local/include/postgresql83 -D_XOPEN_SOURCE -D_DARWIN_C_SOURCE -D_DARWIN_UNLIMITED_SELECT -D_REENTRANT -I/opt/local/include    -O3 -fno-fast-math -ggdb3 -Wall -Wextra -Wno-unused-parameter -Wno-parentheses -Wno-long-long -Wno-missing-field-initializers -Wunused-variable -Wpointer-arith -Wwrite-strings -Wdeclaration-after-statement -Wshorten-64-to-32 -Wimplicit-function-declaration  -fno-common -pipe conftest.c  -L. -L/Users/toppy/.rvm/rubies/ruby-2.0.0-p247/lib -L/opt/local/lib/postgresql83 -L/opt/local/lib -L. -fstack-protector -L/usr/local/lib -L/opt/local/lib  -Wl,-rpath,/opt/local/lib/postgresql83    -lpq  -lruby.2.0.0 -lpq  -lpthread -ldl -lobjc "
conftest.c: In function ‘t’:
conftest.c:5: warning: implicit declaration of function ‘PQescapeStringConn’
checked program was:
/* begin */
 1: #include "ruby.h"
 2: 
 3: /*top*/
 4: extern int t(void);
 5: int t(void) { PQescapeStringConn(); return 0; }
 6: int main(int argc, char **argv)
 7: {
 8:   if (argc > 1000000) {
 9:     printf("%p", &t);
10:   }
11: 
12:   return 0;
13: }
/* end */

--------------------

have_func: checking for PQescapeLiteral()... -------------------- no

"gcc-4.2 -o conftest -I/Users/toppy/.rvm/rubies/ruby-2.0.0-p247/include/ruby-2.0.0/x86_64-darwin10.8.0 -I/Users/toppy/.rvm/rubies/ruby-2.0.0-p247/include/ruby-2.0.0/ruby/backward -I/Users/toppy/.rvm/rubies/ruby-2.0.0-p247/include/ruby-2.0.0 -I. -I/opt/local/include/postgresql83 -D_XOPEN_SOURCE -D_DARWIN_C_SOURCE -D_DARWIN_UNLIMITED_SELECT -D_REENTRANT -I/opt/local/include    -O3 -fno-fast-math -ggdb3 -Wall -Wextra -Wno-unused-parameter -Wno-parentheses -Wno-long-long -Wno-missing-field-initializers -Wunused-variable -Wpointer-arith -Wwrite-strings -Wdeclaration-after-statement -Wshorten-64-to-32 -Wimplicit-function-declaration  -fno-common -pipe conftest.c  -L. -L/Users/toppy/.rvm/rubies/ruby-2.0.0-p247/lib -L/opt/local/lib/postgresql83 -L/opt/local/lib -L. -fstack-protector -L/usr/local/lib -L/opt/local/lib  -Wl,-rpath,/opt/local/lib/postgresql83    -lpq  -lruby.2.0.0 -lpq  -lpthread -ldl -lobjc "
conftest.c: In function ‘t’:
conftest.c:5: error: ‘PQescapeLiteral’ undeclared (first use in this function)
conftest.c:5: error: (Each undeclared identifier is reported only once
conftest.c:5: error: for each function it appears in.)
checked program was:
/* begin */
 1: #include "ruby.h"
 2: 
 3: /*top*/
 4: extern int t(void);
 5: int t(void) { void ((*volatile p)()); p = (void ((*)()))PQescapeLiteral; return 0; }
 6: int main(int argc, char **argv)
 7: {
 8:   if (argc > 1000000) {
 9:     printf("%p", &t);
10:   }
11: 
12:   return 0;
13: }
/* end */

"gcc-4.2 -o conftest -I/Users/toppy/.rvm/rubies/ruby-2.0.0-p247/include/ruby-2.0.0/x86_64-darwin10.8.0 -I/Users/toppy/.rvm/rubies/ruby-2.0.0-p247/include/ruby-2.0.0/ruby/backward -I/Users/toppy/.rvm/rubies/ruby-2.0.0-p247/include/ruby-2.0.0 -I. -I/opt/local/include/postgresql83 -D_XOPEN_SOURCE -D_DARWIN_C_SOURCE -D_DARWIN_UNLIMITED_SELECT -D_REENTRANT -I/opt/local/include    -O3 -fno-fast-math -ggdb3 -Wall -Wextra -Wno-unused-parameter -Wno-parentheses -Wno-long-long -Wno-missing-field-initializers -Wunused-variable -Wpointer-arith -Wwrite-strings -Wdeclaration-after-statement -Wshorten-64-to-32 -Wimplicit-function-declaration  -fno-common -pipe conftest.c  -L. -L/Users/toppy/.rvm/rubies/ruby-2.0.0-p247/lib -L/opt/local/lib/postgresql83 -L/opt/local/lib -L. -fstack-protector -L/usr/local/lib -L/opt/local/lib  -Wl,-rpath,/opt/local/lib/postgresql83    -lpq  -lruby.2.0.0 -lpq  -lpthread -ldl -lobjc "
conftest.c: In function ‘t’:
conftest.c:5: warning: implicit declaration of function ‘PQescapeLiteral’
Undefined symbols for architecture x86_64:
  "_PQescapeLiteral", referenced from:
      _t in cc5NKm7Z.o
ld: symbol(s) not found for architecture x86_64
collect2: ld returned 1 exit status
checked program was:
/* begin */
 1: #include "ruby.h"
 2: 
 3: /*top*/
 4: extern int t(void);
 5: int t(void) { PQescapeLiteral(); return 0; }
 6: int main(int argc, char **argv)
 7: {
 8:   if (argc > 1000000) {
 9:     printf("%p", &t);
10:   }
11: 
12:   return 0;
13: }
/* end */

--------------------

have_func: checking for PQescapeIdentifier()... -------------------- no

"gcc-4.2 -o conftest -I/Users/toppy/.rvm/rubies/ruby-2.0.0-p247/include/ruby-2.0.0/x86_64-darwin10.8.0 -I/Users/toppy/.rvm/rubies/ruby-2.0.0-p247/include/ruby-2.0.0/ruby/backward -I/Users/toppy/.rvm/rubies/ruby-2.0.0-p247/include/ruby-2.0.0 -I. -I/opt/local/include/postgresql83 -D_XOPEN_SOURCE -D_DARWIN_C_SOURCE -D_DARWIN_UNLIMITED_SELECT -D_REENTRANT -I/opt/local/include    -O3 -fno-fast-math -ggdb3 -Wall -Wextra -Wno-unused-parameter -Wno-parentheses -Wno-long-long -Wno-missing-field-initializers -Wunused-variable -Wpointer-arith -Wwrite-strings -Wdeclaration-after-statement -Wshorten-64-to-32 -Wimplicit-function-declaration  -fno-common -pipe conftest.c  -L. -L/Users/toppy/.rvm/rubies/ruby-2.0.0-p247/lib -L/opt/local/lib/postgresql83 -L/opt/local/lib -L. -fstack-protector -L/usr/local/lib -L/opt/local/lib  -Wl,-rpath,/opt/local/lib/postgresql83    -lpq  -lruby.2.0.0 -lpq  -lpthread -ldl -lobjc "
conftest.c: In function ‘t’:
conftest.c:5: error: ‘PQescapeIdentifier’ undeclared (first use in this function)
conftest.c:5: error: (Each undeclared identifier is reported only once
conftest.c:5: error: for each function it appears in.)
checked program was:
/* begin */
 1: #include "ruby.h"
 2: 
 3: /*top*/
 4: extern int t(void);
 5: int t(void) { void ((*volatile p)()); p = (void ((*)()))PQescapeIdentifier; return 0; }
 6: int main(int argc, char **argv)
 7: {
 8:   if (argc > 1000000) {
 9:     printf("%p", &t);
10:   }
11: 
12:   return 0;
13: }
/* end */

"gcc-4.2 -o conftest -I/Users/toppy/.rvm/rubies/ruby-2.0.0-p247/include/ruby-2.0.0/x86_64-darwin10.8.0 -I/Users/toppy/.rvm/rubies/ruby-2.0.0-p247/include/ruby-2.0.0/ruby/backward -I/Users/toppy/.rvm/rubies/ruby-2.0.0-p247/include/ruby-2.0.0 -I. -I/opt/local/include/postgresql83 -D_XOPEN_SOURCE -D_DARWIN_C_SOURCE -D_DARWIN_UNLIMITED_SELECT -D_REENTRANT -I/opt/local/include    -O3 -fno-fast-math -ggdb3 -Wall -Wextra -Wno-unused-parameter -Wno-parentheses -Wno-long-long -Wno-missing-field-initializers -Wunused-variable -Wpointer-arith -Wwrite-strings -Wdeclaration-after-statement -Wshorten-64-to-32 -Wimplicit-function-declaration  -fno-common -pipe conftest.c  -L. -L/Users/toppy/.rvm/rubies/ruby-2.0.0-p247/lib -L/opt/local/lib/postgresql83 -L/opt/local/lib -L. -fstack-protector -L/usr/local/lib -L/opt/local/lib  -Wl,-rpath,/opt/local/lib/postgresql83    -lpq  -lruby.2.0.0 -lpq  -lpthread -ldl -lobjc "
conftest.c: In function ‘t’:
conftest.c:5: warning: implicit declaration of function ‘PQescapeIdentifier’
Undefined symbols for architecture x86_64:
  "_PQescapeIdentifier", referenced from:
      _t in ccmO5JKi.o
ld: symbol(s) not found for architecture x86_64
collect2: ld returned 1 exit status
checked program was:
/* begin */
 1: #include "ruby.h"
 2: 
 3: /*top*/
 4: extern int t(void);
 5: int t(void) { PQescapeIdentifier(); return 0; }
 6: int main(int argc, char **argv)
 7: {
 8:   if (argc > 1000000) {
 9:     printf("%p", &t);
10:   }
11: 
12:   return 0;
13: }
/* end */

--------------------

have_func: checking for PQgetCancel()... -------------------- yes

"gcc-4.2 -o conftest -I/Users/toppy/.rvm/rubies/ruby-2.0.0-p247/include/ruby-2.0.0/x86_64-darwin10.8.0 -I/Users/toppy/.rvm/rubies/ruby-2.0.0-p247/include/ruby-2.0.0/ruby/backward -I/Users/toppy/.rvm/rubies/ruby-2.0.0-p247/include/ruby-2.0.0 -I. -I/opt/local/include/postgresql83 -D_XOPEN_SOURCE -D_DARWIN_C_SOURCE -D_DARWIN_UNLIMITED_SELECT -D_REENTRANT -I/opt/local/include    -O3 -fno-fast-math -ggdb3 -Wall -Wextra -Wno-unused-parameter -Wno-parentheses -Wno-long-long -Wno-missing-field-initializers -Wunused-variable -Wpointer-arith -Wwrite-strings -Wdeclaration-after-statement -Wshorten-64-to-32 -Wimplicit-function-declaration  -fno-common -pipe conftest.c  -L. -L/Users/toppy/.rvm/rubies/ruby-2.0.0-p247/lib -L/opt/local/lib/postgresql83 -L/opt/local/lib -L. -fstack-protector -L/usr/local/lib -L/opt/local/lib  -Wl,-rpath,/opt/local/lib/postgresql83    -lpq  -lruby.2.0.0 -lpq  -lpthread -ldl -lobjc "
conftest.c: In function ‘t’:
conftest.c:5: error: ‘PQgetCancel’ undeclared (first use in this function)
conftest.c:5: error: (Each undeclared identifier is reported only once
conftest.c:5: error: for each function it appears in.)
checked program was:
/* begin */
 1: #include "ruby.h"
 2: 
 3: /*top*/
 4: extern int t(void);
 5: int t(void) { void ((*volatile p)()); p = (void ((*)()))PQgetCancel; return 0; }
 6: int main(int argc, char **argv)
 7: {
 8:   if (argc > 1000000) {
 9:     printf("%p", &t);
10:   }
11: 
12:   return 0;
13: }
/* end */

"gcc-4.2 -o conftest -I/Users/toppy/.rvm/rubies/ruby-2.0.0-p247/include/ruby-2.0.0/x86_64-darwin10.8.0 -I/Users/toppy/.rvm/rubies/ruby-2.0.0-p247/include/ruby-2.0.0/ruby/backward -I/Users/toppy/.rvm/rubies/ruby-2.0.0-p247/include/ruby-2.0.0 -I. -I/opt/local/include/postgresql83 -D_XOPEN_SOURCE -D_DARWIN_C_SOURCE -D_DARWIN_UNLIMITED_SELECT -D_REENTRANT -I/opt/local/include    -O3 -fno-fast-math -ggdb3 -Wall -Wextra -Wno-unused-parameter -Wno-parentheses -Wno-long-long -Wno-missing-field-initializers -Wunused-variable -Wpointer-arith -Wwrite-strings -Wdeclaration-after-statement -Wshorten-64-to-32 -Wimplicit-function-declaration  -fno-common -pipe conftest.c  -L. -L/Users/toppy/.rvm/rubies/ruby-2.0.0-p247/lib -L/opt/local/lib/postgresql83 -L/opt/local/lib -L. -fstack-protector -L/usr/local/lib -L/opt/local/lib  -Wl,-rpath,/opt/local/lib/postgresql83    -lpq  -lruby.2.0.0 -lpq  -lpthread -ldl -lobjc "
conftest.c: In function ‘t’:
conftest.c:5: warning: implicit declaration of function ‘PQgetCancel’
checked program was:
/* begin */
 1: #include "ruby.h"
 2: 
 3: /*top*/
 4: extern int t(void);
 5: int t(void) { PQgetCancel(); return 0; }
 6: int main(int argc, char **argv)
 7: {
 8:   if (argc > 1000000) {
 9:     printf("%p", &t);
10:   }
11: 
12:   return 0;
13: }
/* end */

--------------------

have_func: checking for lo_create()... -------------------- yes

"gcc-4.2 -o conftest -I/Users/toppy/.rvm/rubies/ruby-2.0.0-p247/include/ruby-2.0.0/x86_64-darwin10.8.0 -I/Users/toppy/.rvm/rubies/ruby-2.0.0-p247/include/ruby-2.0.0/ruby/backward -I/Users/toppy/.rvm/rubies/ruby-2.0.0-p247/include/ruby-2.0.0 -I. -I/opt/local/include/postgresql83 -D_XOPEN_SOURCE -D_DARWIN_C_SOURCE -D_DARWIN_UNLIMITED_SELECT -D_REENTRANT -I/opt/local/include    -O3 -fno-fast-math -ggdb3 -Wall -Wextra -Wno-unused-parameter -Wno-parentheses -Wno-long-long -Wno-missing-field-initializers -Wunused-variable -Wpointer-arith -Wwrite-strings -Wdeclaration-after-statement -Wshorten-64-to-32 -Wimplicit-function-declaration  -fno-common -pipe conftest.c  -L. -L/Users/toppy/.rvm/rubies/ruby-2.0.0-p247/lib -L/opt/local/lib/postgresql83 -L/opt/local/lib -L. -fstack-protector -L/usr/local/lib -L/opt/local/lib  -Wl,-rpath,/opt/local/lib/postgresql83    -lpq  -lruby.2.0.0 -lpq  -lpthread -ldl -lobjc "
conftest.c: In function ‘t’:
conftest.c:5: error: ‘lo_create’ undeclared (first use in this function)
conftest.c:5: error: (Each undeclared identifier is reported only once
conftest.c:5: error: for each function it appears in.)
checked program was:
/* begin */
 1: #include "ruby.h"
 2: 
 3: /*top*/
 4: extern int t(void);
 5: int t(void) { void ((*volatile p)()); p = (void ((*)()))lo_create; return 0; }
 6: int main(int argc, char **argv)
 7: {
 8:   if (argc > 1000000) {
 9:     printf("%p", &t);
10:   }
11: 
12:   return 0;
13: }
/* end */

"gcc-4.2 -o conftest -I/Users/toppy/.rvm/rubies/ruby-2.0.0-p247/include/ruby-2.0.0/x86_64-darwin10.8.0 -I/Users/toppy/.rvm/rubies/ruby-2.0.0-p247/include/ruby-2.0.0/ruby/backward -I/Users/toppy/.rvm/rubies/ruby-2.0.0-p247/include/ruby-2.0.0 -I. -I/opt/local/include/postgresql83 -D_XOPEN_SOURCE -D_DARWIN_C_SOURCE -D_DARWIN_UNLIMITED_SELECT -D_REENTRANT -I/opt/local/include    -O3 -fno-fast-math -ggdb3 -Wall -Wextra -Wno-unused-parameter -Wno-parentheses -Wno-long-long -Wno-missing-field-initializers -Wunused-variable -Wpointer-arith -Wwrite-strings -Wdeclaration-after-statement -Wshorten-64-to-32 -Wimplicit-function-declaration  -fno-common -pipe conftest.c  -L. -L/Users/toppy/.rvm/rubies/ruby-2.0.0-p247/lib -L/opt/local/lib/postgresql83 -L/opt/local/lib -L. -fstack-protector -L/usr/local/lib -L/opt/local/lib  -Wl,-rpath,/opt/local/lib/postgresql83    -lpq  -lruby.2.0.0 -lpq  -lpthread -ldl -lobjc "
conftest.c: In function ‘t’:
conftest.c:5: warning: implicit declaration of function ‘lo_create’
checked program was:
/* begin */
 1: #include "ruby.h"
 2: 
 3: /*top*/
 4: extern int t(void);
 5: int t(void) { lo_create(); return 0; }
 6: int main(int argc, char **argv)
 7: {
 8:   if (argc > 1000000) {
 9:     printf("%p", &t);
10:   }
11: 
12:   return 0;
13: }
/* end */

--------------------

have_func: checking for pg_encoding_to_char()... -------------------- yes

"gcc-4.2 -o conftest -I/Users/toppy/.rvm/rubies/ruby-2.0.0-p247/include/ruby-2.0.0/x86_64-darwin10.8.0 -I/Users/toppy/.rvm/rubies/ruby-2.0.0-p247/include/ruby-2.0.0/ruby/backward -I/Users/toppy/.rvm/rubies/ruby-2.0.0-p247/include/ruby-2.0.0 -I. -I/opt/local/include/postgresql83 -D_XOPEN_SOURCE -D_DARWIN_C_SOURCE -D_DARWIN_UNLIMITED_SELECT -D_REENTRANT -I/opt/local/include    -O3 -fno-fast-math -ggdb3 -Wall -Wextra -Wno-unused-parameter -Wno-parentheses -Wno-long-long -Wno-missing-field-initializers -Wunused-variable -Wpointer-arith -Wwrite-strings -Wdeclaration-after-statement -Wshorten-64-to-32 -Wimplicit-function-declaration  -fno-common -pipe conftest.c  -L. -L/Users/toppy/.rvm/rubies/ruby-2.0.0-p247/lib -L/opt/local/lib/postgresql83 -L/opt/local/lib -L. -fstack-protector -L/usr/local/lib -L/opt/local/lib  -Wl,-rpath,/opt/local/lib/postgresql83    -lpq  -lruby.2.0.0 -lpq  -lpthread -ldl -lobjc "
conftest.c: In function ‘t’:
conftest.c:5: error: ‘pg_encoding_to_char’ undeclared (first use in this function)
conftest.c:5: error: (Each undeclared identifier is reported only once
conftest.c:5: error: for each function it appears in.)
checked program was:
/* begin */
 1: #include "ruby.h"
 2: 
 3: /*top*/
 4: extern int t(void);
 5: int t(void) { void ((*volatile p)()); p = (void ((*)()))pg_encoding_to_char; return 0; }
 6: int main(int argc, char **argv)
 7: {
 8:   if (argc > 1000000) {
 9:     printf("%p", &t);
10:   }
11: 
12:   return 0;
13: }
/* end */

"gcc-4.2 -o conftest -I/Users/toppy/.rvm/rubies/ruby-2.0.0-p247/include/ruby-2.0.0/x86_64-darwin10.8.0 -I/Users/toppy/.rvm/rubies/ruby-2.0.0-p247/include/ruby-2.0.0/ruby/backward -I/Users/toppy/.rvm/rubies/ruby-2.0.0-p247/include/ruby-2.0.0 -I. -I/opt/local/include/postgresql83 -D_XOPEN_SOURCE -D_DARWIN_C_SOURCE -D_DARWIN_UNLIMITED_SELECT -D_REENTRANT -I/opt/local/include    -O3 -fno-fast-math -ggdb3 -Wall -Wextra -Wno-unused-parameter -Wno-parentheses -Wno-long-long -Wno-missing-field-initializers -Wunused-variable -Wpointer-arith -Wwrite-strings -Wdeclaration-after-statement -Wshorten-64-to-32 -Wimplicit-function-declaration  -fno-common -pipe conftest.c  -L. -L/Users/toppy/.rvm/rubies/ruby-2.0.0-p247/lib -L/opt/local/lib/postgresql83 -L/opt/local/lib -L. -fstack-protector -L/usr/local/lib -L/opt/local/lib  -Wl,-rpath,/opt/local/lib/postgresql83    -lpq  -lruby.2.0.0 -lpq  -lpthread -ldl -lobjc "
conftest.c: In function ‘t’:
conftest.c:5: warning: implicit declaration of function ‘pg_encoding_to_char’
checked program was:
/* begin */
 1: #include "ruby.h"
 2: 
 3: /*top*/
 4: extern int t(void);
 5: int t(void) { pg_encoding_to_char(); return 0; }
 6: int main(int argc, char **argv)
 7: {
 8:   if (argc > 1000000) {
 9:     printf("%p", &t);
10:   }
11: 
12:   return 0;
13: }
/* end */

--------------------

have_func: checking for pg_char_to_encoding()... -------------------- yes

"gcc-4.2 -o conftest -I/Users/toppy/.rvm/rubies/ruby-2.0.0-p247/include/ruby-2.0.0/x86_64-darwin10.8.0 -I/Users/toppy/.rvm/rubies/ruby-2.0.0-p247/include/ruby-2.0.0/ruby/backward -I/Users/toppy/.rvm/rubies/ruby-2.0.0-p247/include/ruby-2.0.0 -I. -I/opt/local/include/postgresql83 -D_XOPEN_SOURCE -D_DARWIN_C_SOURCE -D_DARWIN_UNLIMITED_SELECT -D_REENTRANT -I/opt/local/include    -O3 -fno-fast-math -ggdb3 -Wall -Wextra -Wno-unused-parameter -Wno-parentheses -Wno-long-long -Wno-missing-field-initializers -Wunused-variable -Wpointer-arith -Wwrite-strings -Wdeclaration-after-statement -Wshorten-64-to-32 -Wimplicit-function-declaration  -fno-common -pipe conftest.c  -L. -L/Users/toppy/.rvm/rubies/ruby-2.0.0-p247/lib -L/opt/local/lib/postgresql83 -L/opt/local/lib -L. -fstack-protector -L/usr/local/lib -L/opt/local/lib  -Wl,-rpath,/opt/local/lib/postgresql83    -lpq  -lruby.2.0.0 -lpq  -lpthread -ldl -lobjc "
conftest.c: In function ‘t’:
conftest.c:5: error: ‘pg_char_to_encoding’ undeclared (first use in this function)
conftest.c:5: error: (Each undeclared identifier is reported only once
conftest.c:5: error: for each function it appears in.)
checked program was:
/* begin */
 1: #include "ruby.h"
 2: 
 3: /*top*/
 4: extern int t(void);
 5: int t(void) { void ((*volatile p)()); p = (void ((*)()))pg_char_to_encoding; return 0; }
 6: int main(int argc, char **argv)
 7: {
 8:   if (argc > 1000000) {
 9:     printf("%p", &t);
10:   }
11: 
12:   return 0;
13: }
/* end */

"gcc-4.2 -o conftest -I/Users/toppy/.rvm/rubies/ruby-2.0.0-p247/include/ruby-2.0.0/x86_64-darwin10.8.0 -I/Users/toppy/.rvm/rubies/ruby-2.0.0-p247/include/ruby-2.0.0/ruby/backward -I/Users/toppy/.rvm/rubies/ruby-2.0.0-p247/include/ruby-2.0.0 -I. -I/opt/local/include/postgresql83 -D_XOPEN_SOURCE -D_DARWIN_C_SOURCE -D_DARWIN_UNLIMITED_SELECT -D_REENTRANT -I/opt/local/include    -O3 -fno-fast-math -ggdb3 -Wall -Wextra -Wno-unused-parameter -Wno-parentheses -Wno-long-long -Wno-missing-field-initializers -Wunused-variable -Wpointer-arith -Wwrite-strings -Wdeclaration-after-statement -Wshorten-64-to-32 -Wimplicit-function-declaration  -fno-common -pipe conftest.c  -L. -L/Users/toppy/.rvm/rubies/ruby-2.0.0-p247/lib -L/opt/local/lib/postgresql83 -L/opt/local/lib -L. -fstack-protector -L/usr/local/lib -L/opt/local/lib  -Wl,-rpath,/opt/local/lib/postgresql83    -lpq  -lruby.2.0.0 -lpq  -lpthread -ldl -lobjc "
conftest.c: In function ‘t’:
conftest.c:5: warning: implicit declaration of function ‘pg_char_to_encoding’
checked program was:
/* begin */
 1: #include "ruby.h"
 2: 
 3: /*top*/
 4: extern int t(void);
 5: int t(void) { pg_char_to_encoding(); return 0; }
 6: int main(int argc, char **argv)
 7: {
 8:   if (argc > 1000000) {
 9:     printf("%p", &t);
10:   }
11: 
12:   return 0;
13: }
/* end */

--------------------

have_func: checking for PQsetClientEncoding()... -------------------- yes

"gcc-4.2 -o conftest -I/Users/toppy/.rvm/rubies/ruby-2.0.0-p247/include/ruby-2.0.0/x86_64-darwin10.8.0 -I/Users/toppy/.rvm/rubies/ruby-2.0.0-p247/include/ruby-2.0.0/ruby/backward -I/Users/toppy/.rvm/rubies/ruby-2.0.0-p247/include/ruby-2.0.0 -I. -I/opt/local/include/postgresql83 -D_XOPEN_SOURCE -D_DARWIN_C_SOURCE -D_DARWIN_UNLIMITED_SELECT -D_REENTRANT -I/opt/local/include    -O3 -fno-fast-math -ggdb3 -Wall -Wextra -Wno-unused-parameter -Wno-parentheses -Wno-long-long -Wno-missing-field-initializers -Wunused-variable -Wpointer-arith -Wwrite-strings -Wdeclaration-after-statement -Wshorten-64-to-32 -Wimplicit-function-declaration  -fno-common -pipe conftest.c  -L. -L/Users/toppy/.rvm/rubies/ruby-2.0.0-p247/lib -L/opt/local/lib/postgresql83 -L/opt/local/lib -L. -fstack-protector -L/usr/local/lib -L/opt/local/lib  -Wl,-rpath,/opt/local/lib/postgresql83    -lpq  -lruby.2.0.0 -lpq  -lpthread -ldl -lobjc "
conftest.c: In function ‘t’:
conftest.c:5: error: ‘PQsetClientEncoding’ undeclared (first use in this function)
conftest.c:5: error: (Each undeclared identifier is reported only once
conftest.c:5: error: for each function it appears in.)
checked program was:
/* begin */
 1: #include "ruby.h"
 2: 
 3: /*top*/
 4: extern int t(void);
 5: int t(void) { void ((*volatile p)()); p = (void ((*)()))PQsetClientEncoding; return 0; }
 6: int main(int argc, char **argv)
 7: {
 8:   if (argc > 1000000) {
 9:     printf("%p", &t);
10:   }
11: 
12:   return 0;
13: }
/* end */

"gcc-4.2 -o conftest -I/Users/toppy/.rvm/rubies/ruby-2.0.0-p247/include/ruby-2.0.0/x86_64-darwin10.8.0 -I/Users/toppy/.rvm/rubies/ruby-2.0.0-p247/include/ruby-2.0.0/ruby/backward -I/Users/toppy/.rvm/rubies/ruby-2.0.0-p247/include/ruby-2.0.0 -I. -I/opt/local/include/postgresql83 -D_XOPEN_SOURCE -D_DARWIN_C_SOURCE -D_DARWIN_UNLIMITED_SELECT -D_REENTRANT -I/opt/local/include    -O3 -fno-fast-math -ggdb3 -Wall -Wextra -Wno-unused-parameter -Wno-parentheses -Wno-long-long -Wno-missing-field-initializers -Wunused-variable -Wpointer-arith -Wwrite-strings -Wdeclaration-after-statement -Wshorten-64-to-32 -Wimplicit-function-declaration  -fno-common -pipe conftest.c  -L. -L/Users/toppy/.rvm/rubies/ruby-2.0.0-p247/lib -L/opt/local/lib/postgresql83 -L/opt/local/lib -L. -fstack-protector -L/usr/local/lib -L/opt/local/lib  -Wl,-rpath,/opt/local/lib/postgresql83    -lpq  -lruby.2.0.0 -lpq  -lpthread -ldl -lobjc "
conftest.c: In function ‘t’:
conftest.c:5: warning: implicit declaration of function ‘PQsetClientEncoding’
checked program was:
/* begin */
 1: #include "ruby.h"
 2: 
 3: /*top*/
 4: extern int t(void);
 5: int t(void) { PQsetClientEncoding(); return 0; }
 6: int main(int argc, char **argv)
 7: {
 8:   if (argc > 1000000) {
 9:     printf("%p", &t);
10:   }
11: 
12:   return 0;
13: }
/* end */

--------------------

have_func: checking for PQlibVersion()... -------------------- no

"gcc-4.2 -o conftest -I/Users/toppy/.rvm/rubies/ruby-2.0.0-p247/include/ruby-2.0.0/x86_64-darwin10.8.0 -I/Users/toppy/.rvm/rubies/ruby-2.0.0-p247/include/ruby-2.0.0/ruby/backward -I/Users/toppy/.rvm/rubies/ruby-2.0.0-p247/include/ruby-2.0.0 -I. -I/opt/local/include/postgresql83 -D_XOPEN_SOURCE -D_DARWIN_C_SOURCE -D_DARWIN_UNLIMITED_SELECT -D_REENTRANT -I/opt/local/include    -O3 -fno-fast-math -ggdb3 -Wall -Wextra -Wno-unused-parameter -Wno-parentheses -Wno-long-long -Wno-missing-field-initializers -Wunused-variable -Wpointer-arith -Wwrite-strings -Wdeclaration-after-statement -Wshorten-64-to-32 -Wimplicit-function-declaration  -fno-common -pipe conftest.c  -L. -L/Users/toppy/.rvm/rubies/ruby-2.0.0-p247/lib -L/opt/local/lib/postgresql83 -L/opt/local/lib -L. -fstack-protector -L/usr/local/lib -L/opt/local/lib  -Wl,-rpath,/opt/local/lib/postgresql83    -lpq  -lruby.2.0.0 -lpq  -lpthread -ldl -lobjc "
conftest.c: In function ‘t’:
conftest.c:5: error: ‘PQlibVersion’ undeclared (first use in this function)
conftest.c:5: error: (Each undeclared identifier is reported only once
conftest.c:5: error: for each function it appears in.)
checked program was:
/* begin */
 1: #include "ruby.h"
 2: 
 3: /*top*/
 4: extern int t(void);
 5: int t(void) { void ((*volatile p)()); p = (void ((*)()))PQlibVersion; return 0; }
 6: int main(int argc, char **argv)
 7: {
 8:   if (argc > 1000000) {
 9:     printf("%p", &t);
10:   }
11: 
12:   return 0;
13: }
/* end */

"gcc-4.2 -o conftest -I/Users/toppy/.rvm/rubies/ruby-2.0.0-p247/include/ruby-2.0.0/x86_64-darwin10.8.0 -I/Users/toppy/.rvm/rubies/ruby-2.0.0-p247/include/ruby-2.0.0/ruby/backward -I/Users/toppy/.rvm/rubies/ruby-2.0.0-p247/include/ruby-2.0.0 -I. -I/opt/local/include/postgresql83 -D_XOPEN_SOURCE -D_DARWIN_C_SOURCE -D_DARWIN_UNLIMITED_SELECT -D_REENTRANT -I/opt/local/include    -O3 -fno-fast-math -ggdb3 -Wall -Wextra -Wno-unused-parameter -Wno-parentheses -Wno-long-long -Wno-missing-field-initializers -Wunused-variable -Wpointer-arith -Wwrite-strings -Wdeclaration-after-statement -Wshorten-64-to-32 -Wimplicit-function-declaration  -fno-common -pipe conftest.c  -L. -L/Users/toppy/.rvm/rubies/ruby-2.0.0-p247/lib -L/opt/local/lib/postgresql83 -L/opt/local/lib -L. -fstack-protector -L/usr/local/lib -L/opt/local/lib  -Wl,-rpath,/opt/local/lib/postgresql83    -lpq  -lruby.2.0.0 -lpq  -lpthread -ldl -lobjc "
conftest.c: In function ‘t’:
conftest.c:5: warning: implicit declaration of function ‘PQlibVersion’
Undefined symbols for architecture x86_64:
  "_PQlibVersion", referenced from:
      _t in cc4qShTM.o
ld: symbol(s) not found for architecture x86_64
collect2: ld returned 1 exit status
checked program was:
/* begin */
 1: #include "ruby.h"
 2: 
 3: /*top*/
 4: extern int t(void);
 5: int t(void) { PQlibVersion(); return 0; }
 6: int main(int argc, char **argv)
 7: {
 8:   if (argc > 1000000) {
 9:     printf("%p", &t);
10:   }
11: 
12:   return 0;
13: }
/* end */

--------------------

have_func: checking for PQping()... -------------------- no

"gcc-4.2 -o conftest -I/Users/toppy/.rvm/rubies/ruby-2.0.0-p247/include/ruby-2.0.0/x86_64-darwin10.8.0 -I/Users/toppy/.rvm/rubies/ruby-2.0.0-p247/include/ruby-2.0.0/ruby/backward -I/Users/toppy/.rvm/rubies/ruby-2.0.0-p247/include/ruby-2.0.0 -I. -I/opt/local/include/postgresql83 -D_XOPEN_SOURCE -D_DARWIN_C_SOURCE -D_DARWIN_UNLIMITED_SELECT -D_REENTRANT -I/opt/local/include    -O3 -fno-fast-math -ggdb3 -Wall -Wextra -Wno-unused-parameter -Wno-parentheses -Wno-long-long -Wno-missing-field-initializers -Wunused-variable -Wpointer-arith -Wwrite-strings -Wdeclaration-after-statement -Wshorten-64-to-32 -Wimplicit-function-declaration  -fno-common -pipe conftest.c  -L. -L/Users/toppy/.rvm/rubies/ruby-2.0.0-p247/lib -L/opt/local/lib/postgresql83 -L/opt/local/lib -L. -fstack-protector -L/usr/local/lib -L/opt/local/lib  -Wl,-rpath,/opt/local/lib/postgresql83    -lpq  -lruby.2.0.0 -lpq  -lpthread -ldl -lobjc "
conftest.c: In function ‘t’:
conftest.c:5: error: ‘PQping’ undeclared (first use in this function)
conftest.c:5: error: (Each undeclared identifier is reported only once
conftest.c:5: error: for each function it appears in.)
checked program was:
/* begin */
 1: #include "ruby.h"
 2: 
 3: /*top*/
 4: extern int t(void);
 5: int t(void) { void ((*volatile p)()); p = (void ((*)()))PQping; return 0; }
 6: int main(int argc, char **argv)
 7: {
 8:   if (argc > 1000000) {
 9:     printf("%p", &t);
10:   }
11: 
12:   return 0;
13: }
/* end */

"gcc-4.2 -o conftest -I/Users/toppy/.rvm/rubies/ruby-2.0.0-p247/include/ruby-2.0.0/x86_64-darwin10.8.0 -I/Users/toppy/.rvm/rubies/ruby-2.0.0-p247/include/ruby-2.0.0/ruby/backward -I/Users/toppy/.rvm/rubies/ruby-2.0.0-p247/include/ruby-2.0.0 -I. -I/opt/local/include/postgresql83 -D_XOPEN_SOURCE -D_DARWIN_C_SOURCE -D_DARWIN_UNLIMITED_SELECT -D_REENTRANT -I/opt/local/include    -O3 -fno-fast-math -ggdb3 -Wall -Wextra -Wno-unused-parameter -Wno-parentheses -Wno-long-long -Wno-missing-field-initializers -Wunused-variable -Wpointer-arith -Wwrite-strings -Wdeclaration-after-statement -Wshorten-64-to-32 -Wimplicit-function-declaration  -fno-common -pipe conftest.c  -L. -L/Users/toppy/.rvm/rubies/ruby-2.0.0-p247/lib -L/opt/local/lib/postgresql83 -L/opt/local/lib -L. -fstack-protector -L/usr/local/lib -L/opt/local/lib  -Wl,-rpath,/opt/local/lib/postgresql83    -lpq  -lruby.2.0.0 -lpq  -lpthread -ldl -lobjc "
conftest.c: In function ‘t’:
conftest.c:5: warning: implicit declaration of function ‘PQping’
Undefined symbols for architecture x86_64:
  "_PQping", referenced from:
      _t in ccYpIVTB.o
ld: symbol(s) not found for architecture x86_64
collect2: ld returned 1 exit status
checked program was:
/* begin */
 1: #include "ruby.h"
 2: 
 3: /*top*/
 4: extern int t(void);
 5: int t(void) { PQping(); return 0; }
 6: int main(int argc, char **argv)
 7: {
 8:   if (argc > 1000000) {
 9:     printf("%p", &t);
10:   }
11: 
12:   return 0;
13: }
/* end */

--------------------

have_func: checking for PQsetSingleRowMode()... -------------------- no

"gcc-4.2 -o conftest -I/Users/toppy/.rvm/rubies/ruby-2.0.0-p247/include/ruby-2.0.0/x86_64-darwin10.8.0 -I/Users/toppy/.rvm/rubies/ruby-2.0.0-p247/include/ruby-2.0.0/ruby/backward -I/Users/toppy/.rvm/rubies/ruby-2.0.0-p247/include/ruby-2.0.0 -I. -I/opt/local/include/postgresql83 -D_XOPEN_SOURCE -D_DARWIN_C_SOURCE -D_DARWIN_UNLIMITED_SELECT -D_REENTRANT -I/opt/local/include    -O3 -fno-fast-math -ggdb3 -Wall -Wextra -Wno-unused-parameter -Wno-parentheses -Wno-long-long -Wno-missing-field-initializers -Wunused-variable -Wpointer-arith -Wwrite-strings -Wdeclaration-after-statement -Wshorten-64-to-32 -Wimplicit-function-declaration  -fno-common -pipe conftest.c  -L. -L/Users/toppy/.rvm/rubies/ruby-2.0.0-p247/lib -L/opt/local/lib/postgresql83 -L/opt/local/lib -L. -fstack-protector -L/usr/local/lib -L/opt/local/lib  -Wl,-rpath,/opt/local/lib/postgresql83    -lpq  -lruby.2.0.0 -lpq  -lpthread -ldl -lobjc "
conftest.c: In function ‘t’:
conftest.c:5: error: ‘PQsetSingleRowMode’ undeclared (first use in this function)
conftest.c:5: error: (Each undeclared identifier is reported only once
conftest.c:5: error: for each function it appears in.)
checked program was:
/* begin */
 1: #include "ruby.h"
 2: 
 3: /*top*/
 4: extern int t(void);
 5: int t(void) { void ((*volatile p)()); p = (void ((*)()))PQsetSingleRowMode; return 0; }
 6: int main(int argc, char **argv)
 7: {
 8:   if (argc > 1000000) {
 9:     printf("%p", &t);
10:   }
11: 
12:   return 0;
13: }
/* end */

"gcc-4.2 -o conftest -I/Users/toppy/.rvm/rubies/ruby-2.0.0-p247/include/ruby-2.0.0/x86_64-darwin10.8.0 -I/Users/toppy/.rvm/rubies/ruby-2.0.0-p247/include/ruby-2.0.0/ruby/backward -I/Users/toppy/.rvm/rubies/ruby-2.0.0-p247/include/ruby-2.0.0 -I. -I/opt/local/include/postgresql83 -D_XOPEN_SOURCE -D_DARWIN_C_SOURCE -D_DARWIN_UNLIMITED_SELECT -D_REENTRANT -I/opt/local/include    -O3 -fno-fast-math -ggdb3 -Wall -Wextra -Wno-unused-parameter -Wno-parentheses -Wno-long-long -Wno-missing-field-initializers -Wunused-variable -Wpointer-arith -Wwrite-strings -Wdeclaration-after-statement -Wshorten-64-to-32 -Wimplicit-function-declaration  -fno-common -pipe conftest.c  -L. -L/Users/toppy/.rvm/rubies/ruby-2.0.0-p247/lib -L/opt/local/lib/postgresql83 -L/opt/local/lib -L. -fstack-protector -L/usr/local/lib -L/opt/local/lib  -Wl,-rpath,/opt/local/lib/postgresql83    -lpq  -lruby.2.0.0 -lpq  -lpthread -ldl -lobjc "
conftest.c: In function ‘t’:
conftest.c:5: warning: implicit declaration of function ‘PQsetSingleRowMode’
Undefined symbols for architecture x86_64:
  "_PQsetSingleRowMode", referenced from:
      _t in ccwihksE.o
ld: symbol(s) not found for architecture x86_64
collect2: ld returned 1 exit status
checked program was:
/* begin */
 1: #include "ruby.h"
 2: 
 3: /*top*/
 4: extern int t(void);
 5: int t(void) { PQsetSingleRowMode(); return 0; }
 6: int main(int argc, char **argv)
 7: {
 8:   if (argc > 1000000) {
 9:     printf("%p", &t);
10:   }
11: 
12:   return 0;
13: }
/* end */

--------------------

have_func: checking for rb_encdb_alias()... -------------------- yes

"gcc-4.2 -o conftest -I/Users/toppy/.rvm/rubies/ruby-2.0.0-p247/include/ruby-2.0.0/x86_64-darwin10.8.0 -I/Users/toppy/.rvm/rubies/ruby-2.0.0-p247/include/ruby-2.0.0/ruby/backward -I/Users/toppy/.rvm/rubies/ruby-2.0.0-p247/include/ruby-2.0.0 -I. -I/opt/local/include/postgresql83 -D_XOPEN_SOURCE -D_DARWIN_C_SOURCE -D_DARWIN_UNLIMITED_SELECT -D_REENTRANT -I/opt/local/include    -O3 -fno-fast-math -ggdb3 -Wall -Wextra -Wno-unused-parameter -Wno-parentheses -Wno-long-long -Wno-missing-field-initializers -Wunused-variable -Wpointer-arith -Wwrite-strings -Wdeclaration-after-statement -Wshorten-64-to-32 -Wimplicit-function-declaration  -fno-common -pipe conftest.c  -L. -L/Users/toppy/.rvm/rubies/ruby-2.0.0-p247/lib -L/opt/local/lib/postgresql83 -L/opt/local/lib -L. -fstack-protector -L/usr/local/lib -L/opt/local/lib  -Wl,-rpath,/opt/local/lib/postgresql83    -lpq  -lruby.2.0.0 -lpq  -lpthread -ldl -lobjc "
conftest.c: In function ‘t’:
conftest.c:5: error: ‘rb_encdb_alias’ undeclared (first use in this function)
conftest.c:5: error: (Each undeclared identifier is reported only once
conftest.c:5: error: for each function it appears in.)
checked program was:
/* begin */
 1: #include "ruby.h"
 2: 
 3: /*top*/
 4: extern int t(void);
 5: int t(void) { void ((*volatile p)()); p = (void ((*)()))rb_encdb_alias; return 0; }
 6: int main(int argc, char **argv)
 7: {
 8:   if (argc > 1000000) {
 9:     printf("%p", &t);
10:   }
11: 
12:   return 0;
13: }
/* end */

"gcc-4.2 -o conftest -I/Users/toppy/.rvm/rubies/ruby-2.0.0-p247/include/ruby-2.0.0/x86_64-darwin10.8.0 -I/Users/toppy/.rvm/rubies/ruby-2.0.0-p247/include/ruby-2.0.0/ruby/backward -I/Users/toppy/.rvm/rubies/ruby-2.0.0-p247/include/ruby-2.0.0 -I. -I/opt/local/include/postgresql83 -D_XOPEN_SOURCE -D_DARWIN_C_SOURCE -D_DARWIN_UNLIMITED_SELECT -D_REENTRANT -I/opt/local/include    -O3 -fno-fast-math -ggdb3 -Wall -Wextra -Wno-unused-parameter -Wno-parentheses -Wno-long-long -Wno-missing-field-initializers -Wunused-variable -Wpointer-arith -Wwrite-strings -Wdeclaration-after-statement -Wshorten-64-to-32 -Wimplicit-function-declaration  -fno-common -pipe conftest.c  -L. -L/Users/toppy/.rvm/rubies/ruby-2.0.0-p247/lib -L/opt/local/lib/postgresql83 -L/opt/local/lib -L. -fstack-protector -L/usr/local/lib -L/opt/local/lib  -Wl,-rpath,/opt/local/lib/postgresql83    -lpq  -lruby.2.0.0 -lpq  -lpthread -ldl -lobjc "
conftest.c: In function ‘t’:
conftest.c:5: warning: implicit declaration of function ‘rb_encdb_alias’
checked program was:
/* begin */
 1: #include "ruby.h"
 2: 
 3: /*top*/
 4: extern int t(void);
 5: int t(void) { rb_encdb_alias(); return 0; }
 6: int main(int argc, char **argv)
 7: {
 8:   if (argc > 1000000) {
 9:     printf("%p", &t);
10:   }
11: 
12:   return 0;
13: }
/* end */

--------------------

have_func: checking for rb_enc_alias()... -------------------- no

"gcc-4.2 -o conftest -I/Users/toppy/.rvm/rubies/ruby-2.0.0-p247/include/ruby-2.0.0/x86_64-darwin10.8.0 -I/Users/toppy/.rvm/rubies/ruby-2.0.0-p247/include/ruby-2.0.0/ruby/backward -I/Users/toppy/.rvm/rubies/ruby-2.0.0-p247/include/ruby-2.0.0 -I. -I/opt/local/include/postgresql83 -D_XOPEN_SOURCE -D_DARWIN_C_SOURCE -D_DARWIN_UNLIMITED_SELECT -D_REENTRANT -I/opt/local/include    -O3 -fno-fast-math -ggdb3 -Wall -Wextra -Wno-unused-parameter -Wno-parentheses -Wno-long-long -Wno-missing-field-initializers -Wunused-variable -Wpointer-arith -Wwrite-strings -Wdeclaration-after-statement -Wshorten-64-to-32 -Wimplicit-function-declaration  -fno-common -pipe conftest.c  -L. -L/Users/toppy/.rvm/rubies/ruby-2.0.0-p247/lib -L/opt/local/lib/postgresql83 -L/opt/local/lib -L. -fstack-protector -L/usr/local/lib -L/opt/local/lib  -Wl,-rpath,/opt/local/lib/postgresql83    -lpq  -lruby.2.0.0 -lpq  -lpthread -ldl -lobjc "
conftest.c: In function ‘t’:
conftest.c:5: error: ‘rb_enc_alias’ undeclared (first use in this function)
conftest.c:5: error: (Each undeclared identifier is reported only once
conftest.c:5: error: for each function it appears in.)
checked program was:
/* begin */
 1: #include "ruby.h"
 2: 
 3: /*top*/
 4: extern int t(void);
 5: int t(void) { void ((*volatile p)()); p = (void ((*)()))rb_enc_alias; return 0; }
 6: int main(int argc, char **argv)
 7: {
 8:   if (argc > 1000000) {
 9:     printf("%p", &t);
10:   }
11: 
12:   return 0;
13: }
/* end */

"gcc-4.2 -o conftest -I/Users/toppy/.rvm/rubies/ruby-2.0.0-p247/include/ruby-2.0.0/x86_64-darwin10.8.0 -I/Users/toppy/.rvm/rubies/ruby-2.0.0-p247/include/ruby-2.0.0/ruby/backward -I/Users/toppy/.rvm/rubies/ruby-2.0.0-p247/include/ruby-2.0.0 -I. -I/opt/local/include/postgresql83 -D_XOPEN_SOURCE -D_DARWIN_C_SOURCE -D_DARWIN_UNLIMITED_SELECT -D_REENTRANT -I/opt/local/include    -O3 -fno-fast-math -ggdb3 -Wall -Wextra -Wno-unused-parameter -Wno-parentheses -Wno-long-long -Wno-missing-field-initializers -Wunused-variable -Wpointer-arith -Wwrite-strings -Wdeclaration-after-statement -Wshorten-64-to-32 -Wimplicit-function-declaration  -fno-common -pipe conftest.c  -L. -L/Users/toppy/.rvm/rubies/ruby-2.0.0-p247/lib -L/opt/local/lib/postgresql83 -L/opt/local/lib -L. -fstack-protector -L/usr/local/lib -L/opt/local/lib  -Wl,-rpath,/opt/local/lib/postgresql83    -lpq  -lruby.2.0.0 -lpq  -lpthread -ldl -lobjc "
conftest.c: In function ‘t’:
conftest.c:5: warning: implicit declaration of function ‘rb_enc_alias’
Undefined symbols for architecture x86_64:
  "_rb_enc_alias", referenced from:
      _t in ccCTqX6y.o
ld: symbol(s) not found for architecture x86_64
collect2: ld returned 1 exit status
checked program was:
/* begin */
 1: #include "ruby.h"
 2: 
 3: /*top*/
 4: extern int t(void);
 5: int t(void) { rb_enc_alias(); return 0; }
 6: int main(int argc, char **argv)
 7: {
 8:   if (argc > 1000000) {
 9:     printf("%p", &t);
10:   }
11: 
12:   return 0;
13: }
/* end */

--------------------

have_func: checking for rb_thread_call_without_gvl()... -------------------- yes

"gcc-4.2 -o conftest -I/Users/toppy/.rvm/rubies/ruby-2.0.0-p247/include/ruby-2.0.0/x86_64-darwin10.8.0 -I/Users/toppy/.rvm/rubies/ruby-2.0.0-p247/include/ruby-2.0.0/ruby/backward -I/Users/toppy/.rvm/rubies/ruby-2.0.0-p247/include/ruby-2.0.0 -I. -I/opt/local/include/postgresql83 -D_XOPEN_SOURCE -D_DARWIN_C_SOURCE -D_DARWIN_UNLIMITED_SELECT -D_REENTRANT -I/opt/local/include    -O3 -fno-fast-math -ggdb3 -Wall -Wextra -Wno-unused-parameter -Wno-parentheses -Wno-long-long -Wno-missing-field-initializers -Wunused-variable -Wpointer-arith -Wwrite-strings -Wdeclaration-after-statement -Wshorten-64-to-32 -Wimplicit-function-declaration  -fno-common -pipe conftest.c  -L. -L/Users/toppy/.rvm/rubies/ruby-2.0.0-p247/lib -L/opt/local/lib/postgresql83 -L/opt/local/lib -L. -fstack-protector -L/usr/local/lib -L/opt/local/lib  -Wl,-rpath,/opt/local/lib/postgresql83    -lpq  -lruby.2.0.0 -lpq  -lpthread -ldl -lobjc "
conftest.c: In function ‘t’:
conftest.c:5: error: ‘rb_thread_call_without_gvl’ undeclared (first use in this function)
conftest.c:5: error: (Each undeclared identifier is reported only once
conftest.c:5: error: for each function it appears in.)
checked program was:
/* begin */
 1: #include "ruby.h"
 2: 
 3: /*top*/
 4: extern int t(void);
 5: int t(void) { void ((*volatile p)()); p = (void ((*)()))rb_thread_call_without_gvl; return 0; }
 6: int main(int argc, char **argv)
 7: {
 8:   if (argc > 1000000) {
 9:     printf("%p", &t);
10:   }
11: 
12:   return 0;
13: }
/* end */

"gcc-4.2 -o conftest -I/Users/toppy/.rvm/rubies/ruby-2.0.0-p247/include/ruby-2.0.0/x86_64-darwin10.8.0 -I/Users/toppy/.rvm/rubies/ruby-2.0.0-p247/include/ruby-2.0.0/ruby/backward -I/Users/toppy/.rvm/rubies/ruby-2.0.0-p247/include/ruby-2.0.0 -I. -I/opt/local/include/postgresql83 -D_XOPEN_SOURCE -D_DARWIN_C_SOURCE -D_DARWIN_UNLIMITED_SELECT -D_REENTRANT -I/opt/local/include    -O3 -fno-fast-math -ggdb3 -Wall -Wextra -Wno-unused-parameter -Wno-parentheses -Wno-long-long -Wno-missing-field-initializers -Wunused-variable -Wpointer-arith -Wwrite-strings -Wdeclaration-after-statement -Wshorten-64-to-32 -Wimplicit-function-declaration  -fno-common -pipe conftest.c  -L. -L/Users/toppy/.rvm/rubies/ruby-2.0.0-p247/lib -L/opt/local/lib/postgresql83 -L/opt/local/lib -L. -fstack-protector -L/usr/local/lib -L/opt/local/lib  -Wl,-rpath,/opt/local/lib/postgresql83    -lpq  -lruby.2.0.0 -lpq  -lpthread -ldl -lobjc "
conftest.c: In function ‘t’:
conftest.c:5: warning: implicit declaration of function ‘rb_thread_call_without_gvl’
checked program was:
/* begin */
 1: #include "ruby.h"
 2: 
 3: /*top*/
 4: extern int t(void);
 5: int t(void) { rb_thread_call_without_gvl(); return 0; }
 6: int main(int argc, char **argv)
 7: {
 8:   if (argc > 1000000) {
 9:     printf("%p", &t);
10:   }
11: 
12:   return 0;
13: }
/* end */

--------------------

have_func: checking for rb_thread_call_with_gvl()... -------------------- yes

"gcc-4.2 -o conftest -I/Users/toppy/.rvm/rubies/ruby-2.0.0-p247/include/ruby-2.0.0/x86_64-darwin10.8.0 -I/Users/toppy/.rvm/rubies/ruby-2.0.0-p247/include/ruby-2.0.0/ruby/backward -I/Users/toppy/.rvm/rubies/ruby-2.0.0-p247/include/ruby-2.0.0 -I. -I/opt/local/include/postgresql83 -D_XOPEN_SOURCE -D_DARWIN_C_SOURCE -D_DARWIN_UNLIMITED_SELECT -D_REENTRANT -I/opt/local/include    -O3 -fno-fast-math -ggdb3 -Wall -Wextra -Wno-unused-parameter -Wno-parentheses -Wno-long-long -Wno-missing-field-initializers -Wunused-variable -Wpointer-arith -Wwrite-strings -Wdeclaration-after-statement -Wshorten-64-to-32 -Wimplicit-function-declaration  -fno-common -pipe conftest.c  -L. -L/Users/toppy/.rvm/rubies/ruby-2.0.0-p247/lib -L/opt/local/lib/postgresql83 -L/opt/local/lib -L. -fstack-protector -L/usr/local/lib -L/opt/local/lib  -Wl,-rpath,/opt/local/lib/postgresql83    -lpq  -lruby.2.0.0 -lpq  -lpthread -ldl -lobjc "
conftest.c: In function ‘t’:
conftest.c:5: error: ‘rb_thread_call_with_gvl’ undeclared (first use in this function)
conftest.c:5: error: (Each undeclared identifier is reported only once
conftest.c:5: error: for each function it appears in.)
checked program was:
/* begin */
 1: #include "ruby.h"
 2: 
 3: /*top*/
 4: extern int t(void);
 5: int t(void) { void ((*volatile p)()); p = (void ((*)()))rb_thread_call_with_gvl; return 0; }
 6: int main(int argc, char **argv)
 7: {
 8:   if (argc > 1000000) {
 9:     printf("%p", &t);
10:   }
11: 
12:   return 0;
13: }
/* end */

"gcc-4.2 -o conftest -I/Users/toppy/.rvm/rubies/ruby-2.0.0-p247/include/ruby-2.0.0/x86_64-darwin10.8.0 -I/Users/toppy/.rvm/rubies/ruby-2.0.0-p247/include/ruby-2.0.0/ruby/backward -I/Users/toppy/.rvm/rubies/ruby-2.0.0-p247/include/ruby-2.0.0 -I. -I/opt/local/include/postgresql83 -D_XOPEN_SOURCE -D_DARWIN_C_SOURCE -D_DARWIN_UNLIMITED_SELECT -D_REENTRANT -I/opt/local/include    -O3 -fno-fast-math -ggdb3 -Wall -Wextra -Wno-unused-parameter -Wno-parentheses -Wno-long-long -Wno-missing-field-initializers -Wunused-variable -Wpointer-arith -Wwrite-strings -Wdeclaration-after-statement -Wshorten-64-to-32 -Wimplicit-function-declaration  -fno-common -pipe conftest.c  -L. -L/Users/toppy/.rvm/rubies/ruby-2.0.0-p247/lib -L/opt/local/lib/postgresql83 -L/opt/local/lib -L. -fstack-protector -L/usr/local/lib -L/opt/local/lib  -Wl,-rpath,/opt/local/lib/postgresql83    -lpq  -lruby.2.0.0 -lpq  -lpthread -ldl -lobjc "
conftest.c: In function ‘t’:
conftest.c:5: warning: implicit declaration of function ‘rb_thread_call_with_gvl’
checked program was:
/* begin */
 1: #include "ruby.h"
 2: 
 3: /*top*/
 4: extern int t(void);
 5: int t(void) { rb_thread_call_with_gvl(); return 0; }
 6: int main(int argc, char **argv)
 7: {
 8:   if (argc > 1000000) {
 9:     printf("%p", &t);
10:   }
11: 
12:   return 0;
13: }
/* end */

--------------------

have_func: checking for rb_thread_fd_select()... -------------------- yes

"gcc-4.2 -o conftest -I/Users/toppy/.rvm/rubies/ruby-2.0.0-p247/include/ruby-2.0.0/x86_64-darwin10.8.0 -I/Users/toppy/.rvm/rubies/ruby-2.0.0-p247/include/ruby-2.0.0/ruby/backward -I/Users/toppy/.rvm/rubies/ruby-2.0.0-p247/include/ruby-2.0.0 -I. -I/opt/local/include/postgresql83 -D_XOPEN_SOURCE -D_DARWIN_C_SOURCE -D_DARWIN_UNLIMITED_SELECT -D_REENTRANT -I/opt/local/include    -O3 -fno-fast-math -ggdb3 -Wall -Wextra -Wno-unused-parameter -Wno-parentheses -Wno-long-long -Wno-missing-field-initializers -Wunused-variable -Wpointer-arith -Wwrite-strings -Wdeclaration-after-statement -Wshorten-64-to-32 -Wimplicit-function-declaration  -fno-common -pipe conftest.c  -L. -L/Users/toppy/.rvm/rubies/ruby-2.0.0-p247/lib -L/opt/local/lib/postgresql83 -L/opt/local/lib -L. -fstack-protector -L/usr/local/lib -L/opt/local/lib  -Wl,-rpath,/opt/local/lib/postgresql83    -lpq  -lruby.2.0.0 -lpq  -lpthread -ldl -lobjc "
checked program was:
/* begin */
 1: #include "ruby.h"
 2: 
 3: /*top*/
 4: extern int t(void);
 5: int t(void) { void ((*volatile p)()); p = (void ((*)()))rb_thread_fd_select; return 0; }
 6: int main(int argc, char **argv)
 7: {
 8:   if (argc > 1000000) {
 9:     printf("%p", &t);
10:   }
11: 
12:   return 0;
13: }
/* end */

--------------------

have_func: checking for rb_w32_wrap_io_handle()... -------------------- no

"gcc-4.2 -o conftest -I/Users/toppy/.rvm/rubies/ruby-2.0.0-p247/include/ruby-2.0.0/x86_64-darwin10.8.0 -I/Users/toppy/.rvm/rubies/ruby-2.0.0-p247/include/ruby-2.0.0/ruby/backward -I/Users/toppy/.rvm/rubies/ruby-2.0.0-p247/include/ruby-2.0.0 -I. -I/opt/local/include/postgresql83 -D_XOPEN_SOURCE -D_DARWIN_C_SOURCE -D_DARWIN_UNLIMITED_SELECT -D_REENTRANT -I/opt/local/include    -O3 -fno-fast-math -ggdb3 -Wall -Wextra -Wno-unused-parameter -Wno-parentheses -Wno-long-long -Wno-missing-field-initializers -Wunused-variable -Wpointer-arith -Wwrite-strings -Wdeclaration-after-statement -Wshorten-64-to-32 -Wimplicit-function-declaration  -fno-common -pipe conftest.c  -L. -L/Users/toppy/.rvm/rubies/ruby-2.0.0-p247/lib -L/opt/local/lib/postgresql83 -L/opt/local/lib -L. -fstack-protector -L/usr/local/lib -L/opt/local/lib  -Wl,-rpath,/opt/local/lib/postgresql83    -lpq  -lruby.2.0.0 -lpq  -lpthread -ldl -lobjc "
conftest.c: In function ‘t’:
conftest.c:5: error: ‘rb_w32_wrap_io_handle’ undeclared (first use in this function)
conftest.c:5: error: (Each undeclared identifier is reported only once
conftest.c:5: error: for each function it appears in.)
checked program was:
/* begin */
 1: #include "ruby.h"
 2: 
 3: /*top*/
 4: extern int t(void);
 5: int t(void) { void ((*volatile p)()); p = (void ((*)()))rb_w32_wrap_io_handle; return 0; }
 6: int main(int argc, char **argv)
 7: {
 8:   if (argc > 1000000) {
 9:     printf("%p", &t);
10:   }
11: 
12:   return 0;
13: }
/* end */

"gcc-4.2 -o conftest -I/Users/toppy/.rvm/rubies/ruby-2.0.0-p247/include/ruby-2.0.0/x86_64-darwin10.8.0 -I/Users/toppy/.rvm/rubies/ruby-2.0.0-p247/include/ruby-2.0.0/ruby/backward -I/Users/toppy/.rvm/rubies/ruby-2.0.0-p247/include/ruby-2.0.0 -I. -I/opt/local/include/postgresql83 -D_XOPEN_SOURCE -D_DARWIN_C_SOURCE -D_DARWIN_UNLIMITED_SELECT -D_REENTRANT -I/opt/local/include    -O3 -fno-fast-math -ggdb3 -Wall -Wextra -Wno-unused-parameter -Wno-parentheses -Wno-long-long -Wno-missing-field-initializers -Wunused-variable -Wpointer-arith -Wwrite-strings -Wdeclaration-after-statement -Wshorten-64-to-32 -Wimplicit-function-declaration  -fno-common -pipe conftest.c  -L. -L/Users/toppy/.rvm/rubies/ruby-2.0.0-p247/lib -L/opt/local/lib/postgresql83 -L/opt/local/lib -L. -fstack-protector -L/usr/local/lib -L/opt/local/lib  -Wl,-rpath,/opt/local/lib/postgresql83    -lpq  -lruby.2.0.0 -lpq  -lpthread -ldl -lobjc "
conftest.c: In function ‘t’:
conftest.c:5: warning: implicit declaration of function ‘rb_w32_wrap_io_handle’
Undefined symbols for architecture x86_64:
  "_rb_w32_wrap_io_handle", referenced from:
      _t in cckpEUJN.o
ld: symbol(s) not found for architecture x86_64
collect2: ld returned 1 exit status
checked program was:
/* begin */
 1: #include "ruby.h"
 2: 
 3: /*top*/
 4: extern int t(void);
 5: int t(void) { rb_w32_wrap_io_handle(); return 0; }
 6: int main(int argc, char **argv)
 7: {
 8:   if (argc > 1000000) {
 9:     printf("%p", &t);
10:   }
11: 
12:   return 0;
13: }
/* end */

--------------------

have_const: checking for PGRES_COPY_BOTH in libpq-fe.h... -------------------- no

"gcc-4.2 -I/Users/toppy/.rvm/rubies/ruby-2.0.0-p247/include/ruby-2.0.0/x86_64-darwin10.8.0 -I/Users/toppy/.rvm/rubies/ruby-2.0.0-p247/include/ruby-2.0.0/ruby/backward -I/Users/toppy/.rvm/rubies/ruby-2.0.0-p247/include/ruby-2.0.0 -I. -I/opt/local/include/postgresql83 -D_XOPEN_SOURCE -D_DARWIN_C_SOURCE -D_DARWIN_UNLIMITED_SELECT -D_REENTRANT -I/opt/local/include    -O3 -fno-fast-math -ggdb3 -Wall -Wextra -Wno-unused-parameter -Wno-parentheses -Wno-long-long -Wno-missing-field-initializers -Wunused-variable -Wpointer-arith -Wwrite-strings -Wdeclaration-after-statement -Wshorten-64-to-32 -Wimplicit-function-declaration  -fno-common -pipe   -c conftest.c"
conftest.c:7: error: ‘PGRES_COPY_BOTH’ undeclared here (not in a function)
checked program was:
/* begin */
1: #include "ruby.h"
2: 
3: #include <libpq-fe.h>
4: 
5: /*top*/
6: typedef int conftest_type;
7: conftest_type conftestval = (int)PGRES_COPY_BOTH;
/* end */

--------------------

have_const: checking for PGRES_SINGLE_TUPLE in libpq-fe.h... -------------------- no

"gcc-4.2 -I/Users/toppy/.rvm/rubies/ruby-2.0.0-p247/include/ruby-2.0.0/x86_64-darwin10.8.0 -I/Users/toppy/.rvm/rubies/ruby-2.0.0-p247/include/ruby-2.0.0/ruby/backward -I/Users/toppy/.rvm/rubies/ruby-2.0.0-p247/include/ruby-2.0.0 -I. -I/opt/local/include/postgresql83 -D_XOPEN_SOURCE -D_DARWIN_C_SOURCE -D_DARWIN_UNLIMITED_SELECT -D_REENTRANT -I/opt/local/include    -O3 -fno-fast-math -ggdb3 -Wall -Wextra -Wno-unused-parameter -Wno-parentheses -Wno-long-long -Wno-missing-field-initializers -Wunused-variable -Wpointer-arith -Wwrite-strings -Wdeclaration-after-statement -Wshorten-64-to-32 -Wimplicit-function-declaration  -fno-common -pipe   -c conftest.c"
conftest.c:7: error: ‘PGRES_SINGLE_TUPLE’ undeclared here (not in a function)
checked program was:
/* begin */
1: #include "ruby.h"
2: 
3: #include <libpq-fe.h>
4: 
5: /*top*/
6: typedef int conftest_type;
7: conftest_type conftestval = (int)PGRES_SINGLE_TUPLE;
/* end */

--------------------

have_const: checking for PG_DIAG_TABLE_NAME in libpq-fe.h... -------------------- no

"gcc-4.2 -I/Users/toppy/.rvm/rubies/ruby-2.0.0-p247/include/ruby-2.0.0/x86_64-darwin10.8.0 -I/Users/toppy/.rvm/rubies/ruby-2.0.0-p247/include/ruby-2.0.0/ruby/backward -I/Users/toppy/.rvm/rubies/ruby-2.0.0-p247/include/ruby-2.0.0 -I. -I/opt/local/include/postgresql83 -D_XOPEN_SOURCE -D_DARWIN_C_SOURCE -D_DARWIN_UNLIMITED_SELECT -D_REENTRANT -I/opt/local/include    -O3 -fno-fast-math -ggdb3 -Wall -Wextra -Wno-unused-parameter -Wno-parentheses -Wno-long-long -Wno-missing-field-initializers -Wunused-variable -Wpointer-arith -Wwrite-strings -Wdeclaration-after-statement -Wshorten-64-to-32 -Wimplicit-function-declaration  -fno-common -pipe   -c conftest.c"
conftest.c:7: error: ‘PG_DIAG_TABLE_NAME’ undeclared here (not in a function)
checked program was:
/* begin */
1: #include "ruby.h"
2: 
3: #include <libpq-fe.h>
4: 
5: /*top*/
6: typedef int conftest_type;
7: conftest_type conftestval = (int)PG_DIAG_TABLE_NAME;
/* end */

--------------------

have_struct_member: checking for struct pgNotify.extra in libpq-fe.h... -------------------- yes

"gcc-4.2 -I/Users/toppy/.rvm/rubies/ruby-2.0.0-p247/include/ruby-2.0.0/x86_64-darwin10.8.0 -I/Users/toppy/.rvm/rubies/ruby-2.0.0-p247/include/ruby-2.0.0/ruby/backward -I/Users/toppy/.rvm/rubies/ruby-2.0.0-p247/include/ruby-2.0.0 -I. -I/opt/local/include/postgresql83 -D_XOPEN_SOURCE -D_DARWIN_C_SOURCE -D_DARWIN_UNLIMITED_SELECT -D_REENTRANT -I/opt/local/include    -O3 -fno-fast-math -ggdb3 -Wall -Wextra -Wno-unused-parameter -Wno-parentheses -Wno-long-long -Wno-missing-field-initializers -Wunused-variable -Wpointer-arith -Wwrite-strings -Wdeclaration-after-statement -Wshorten-64-to-32 -Wimplicit-function-declaration  -fno-common -pipe   -c conftest.c"
checked program was:
/* begin */
 1: #include "ruby.h"
 2: 
 3: #include <libpq-fe.h>
 4: 
 5: /*top*/
 6: int s = (char *)&((struct pgNotify*)0)->extra - (char *)0;
 7: int main(int argc, char **argv)
 8: {
 9:   if (argc > 1000000) {
10:     printf("%p", &s);
11:   }
12: 
13:   return 0;
14: }
/* end */

--------------------

have_header: checking for unistd.h... -------------------- yes

"gcc-4.2 -E -I/Users/toppy/.rvm/rubies/ruby-2.0.0-p247/include/ruby-2.0.0/x86_64-darwin10.8.0 -I/Users/toppy/.rvm/rubies/ruby-2.0.0-p247/include/ruby-2.0.0/ruby/backward -I/Users/toppy/.rvm/rubies/ruby-2.0.0-p247/include/ruby-2.0.0 -I. -I/opt/local/include/postgresql83 -D_XOPEN_SOURCE -D_DARWIN_C_SOURCE -D_DARWIN_UNLIMITED_SELECT -D_REENTRANT -I/opt/local/include    -O3 -fno-fast-math -ggdb3 -Wall -Wextra -Wno-unused-parameter -Wno-parentheses -Wno-long-long -Wno-missing-field-initializers -Wunused-variable -Wpointer-arith -Wwrite-strings -Wdeclaration-after-statement -Wshorten-64-to-32 -Wimplicit-function-declaration  -fno-common -pipe  conftest.c -o conftest.i"
checked program was:
/* begin */
1: #include "ruby.h"
2: 
3: #include <unistd.h>
/* end */

--------------------

have_header: checking for ruby/st.h... -------------------- yes

"gcc-4.2 -E -I/Users/toppy/.rvm/rubies/ruby-2.0.0-p247/include/ruby-2.0.0/x86_64-darwin10.8.0 -I/Users/toppy/.rvm/rubies/ruby-2.0.0-p247/include/ruby-2.0.0/ruby/backward -I/Users/toppy/.rvm/rubies/ruby-2.0.0-p247/include/ruby-2.0.0 -I. -I/opt/local/include/postgresql83 -D_XOPEN_SOURCE -D_DARWIN_C_SOURCE -D_DARWIN_UNLIMITED_SELECT -D_REENTRANT -I/opt/local/include    -O3 -fno-fast-math -ggdb3 -Wall -Wextra -Wno-unused-parameter -Wno-parentheses -Wno-long-long -Wno-missing-field-initializers -Wunused-variable -Wpointer-arith -Wwrite-strings -Wdeclaration-after-statement -Wshorten-64-to-32 -Wimplicit-function-declaration  -fno-common -pipe  conftest.c -o conftest.i"
checked program was:
/* begin */
1: #include "ruby.h"
2: 
3: #include <ruby/st.h>
/* end */

--------------------

extconf.h is:
/* begin */
 1: #ifndef EXTCONF_H
 2: #define EXTCONF_H
 3: #define HAVE_PQCONNECTIONUSEDPASSWORD 1
 4: #define HAVE_PQISTHREADSAFE 1
 5: #define HAVE_PQPREPARE 1
 6: #define HAVE_PQEXECPARAMS 1
 7: #define HAVE_PQESCAPESTRING 1
 8: #define HAVE_PQESCAPESTRINGCONN 1
 9: #define HAVE_PQGETCANCEL 1
10: #define HAVE_LO_CREATE 1
11: #define HAVE_PG_ENCODING_TO_CHAR 1
12: #define HAVE_PG_CHAR_TO_ENCODING 1
13: #define HAVE_PQSETCLIENTENCODING 1
14: #define HAVE_RB_ENCDB_ALIAS 1
15: #define HAVE_RB_THREAD_CALL_WITHOUT_GVL 1
16: #define HAVE_RB_THREAD_CALL_WITH_GVL 1
17: #define HAVE_RB_THREAD_FD_SELECT 1
18: #define HAVE_STRUCT_PGNOTIFY_EXTRA 1
19: #define HAVE_ST_EXTRA 1
20: #define HAVE_ST_NOTIFY_EXTRA 1
21: #define HAVE_UNISTD_H 1
22: #define HAVE_RUBY_ST_H 1
23: #endif
/* end */

